✅ No commit needed yet
✅ No commit needed yet
[Thu Sep 11 13:00:01 CDT 2025] Auto-backup check completed
✅ No commit needed yet
✅ Auto-commit needed
⚠️ Obsidian sync failed: [Errno 1] Operation not permitted: '/Users/tarive/Library/Mobile Documents/iCloud~md~obsidian/Documents/Saksham/brain-system/documentation/final_analysis.md'
⚠️ Commit saved locally but push failed: fatal: could not read Username for 'https://github.com': Device not configured

✅ Changes committed and pushed
[Thu Sep 11 14:00:02 CDT 2025] Auto-backup check completed
✅ No commit needed yet
✅ No commit needed yet
[Thu Sep 11 15:00:01 CDT 2025] Auto-backup check completed
✅ Auto-commit needed
⚠️ Obsidian sync failed: [Errno 1] Operation not permitted: '/Users/tarive/Library/Mobile Documents/iCloud~md~obsidian/Documents/Saksham/brain-system/documentation/final_analysis.md'
✅ Changes committed and pushed
✅ No commit needed yet
[Thu Sep 11 16:00:01 CDT 2025] Auto-backup check completed
✅ Auto-commit needed
⚠️ Obsidian sync failed: [Errno 1] Operation not permitted: '/Users/tarive/Library/Mobile Documents/iCloud~md~obsidian/Documents/Saksham/brain-system/documentation/gmail_oauth_setup.md'
✅ Changes committed and pushed
✅ No commit needed yet
[Thu Sep 11 17:00:00 CDT 2025] Auto-backup check completed
✅ No commit needed yet
✅ No commit needed yet
[Thu Sep 11 18:00:01 CDT 2025] Auto-backup check completed
✅ No commit needed yet
✅ No commit needed yet
[Thu Sep 11 19:00:01 CDT 2025] Auto-backup check completed
✅ No commit needed yet
✅ No commit needed yet
[Thu Sep 11 20:00:01 CDT 2025] Auto-backup check completed
✅ No commit needed yet
✅ No commit needed yet
[Thu Sep 11 21:00:00 CDT 2025] Auto-backup check completed
✅ No commit needed yet
✅ No commit needed yet
[Thu Sep 11 22:00:01 CDT 2025] Auto-backup check completed
✅ No commit needed yet
✅ No commit needed yet
[Thu Sep 11 23:00:00 CDT 2025] Auto-backup check completed
✅ No commit needed yet
✅ No commit needed yet
[Fri Sep 12 00:00:03 CDT 2025] Auto-backup check completed
✅ No commit needed yet
✅ No commit needed yet
[Fri Sep 12 01:00:01 CDT 2025] Auto-backup check completed
✅ Auto-commit needed
⚠️ Obsidian sync failed: [Errno 1] Operation not permitted: '/Users/tarive/Library/Mobile Documents/iCloud~md~obsidian/Documents/Saksham/brain-system/documentation/gmail_oauth_setup.md'
✅ Changes committed and pushed
✅ No commit needed yet
[Fri Sep 12 02:00:01 CDT 2025] Auto-backup check completed
✅ Auto-commit needed
⚠️ Obsidian sync failed: [Errno 1] Operation not permitted: '/Users/tarive/Library/Mobile Documents/iCloud~md~obsidian/Documents/Saksham/brain-system/documentation/gmail_oauth_setup.md'
⚠️ Commit saved locally but push failed: fatal: could not read Username for 'https://github.com': Device not configured

✅ Changes committed and pushed
✅ No commit needed yet
[Fri Sep 12 05:01:24 CDT 2025] Auto-backup check completed
✅ No commit needed yet
✅ No commit needed yet
[Fri Sep 12 08:00:00 CDT 2025] Auto-backup check completed
✅ No commit needed yet
✅ No commit needed yet
[Fri Sep 12 10:00:01 CDT 2025] Auto-backup check completed
✅ No commit needed yet
✅ No commit needed yet
[Fri Sep 12 11:00:01 CDT 2025] Auto-backup check completed
✅ No commit needed yet
✅ No commit needed yet
[Fri Sep 12 12:00:01 CDT 2025] Auto-backup check completed
✅ No commit needed yet
✅ No commit needed yet
[Fri Sep 12 13:00:00 CDT 2025] Auto-backup check completed
✅ No commit needed yet
✅ No commit needed yet
[Fri Sep 12 14:00:01 CDT 2025] Auto-backup check completed
