[2025-09-16 13:00:01] Starting sync to Google Drive...
[2025-09-16 13:00:01] Syncing eed_system...
2025/09/16 13:00:03 INFO  : core/data_abstractor.py: Copied (new)
2025/09/16 13:00:04 INFO  : core/correlation_generator.py: Copied (new)
2025/09/16 13:00:38 INFO  : core: Set directory modification time (using SetModTime)
2025/09/16 13:00:38 INFO  : 
Transferred:   	   44.898 KiB / 44.898 KiB, 100%, 22.447 KiB/s, ETA 0s
Checks:                 0 / 0, -, Listed 4
Transferred:            2 / 2, 100%
Elapsed time:        36.1s

[2025-09-16 13:00:38] Syncing ever_expanding_dataset_system_design.md...
2025/09/16 13:00:38 INFO  : 
Transferred:   	          0 B / 0 B, -, 0 B/s, ETA -
Elapsed time:         0.0s

[2025-09-16 13:00:38] Syncing eed_system_files.tar.gz...
2025/09/16 13:00:39 INFO  : 
Transferred:   	          0 B / 0 B, -, 0 B/s, ETA -
Elapsed time:         0.0s

[2025-09-16 13:00:39] Sync completed!
[2025-09-16 14:00:01] Starting sync to Google Drive...
[2025-09-16 14:00:01] Syncing eed_system...
2025/09/16 14:00:01 INFO  : There was nothing to transfer
2025/09/16 14:00:01 INFO  : 
Transferred:   	          0 B / 0 B, -, 0 B/s, ETA -
Checks:                 2 / 2, 100%, Listed 6
Elapsed time:         0.3s

[2025-09-16 14:00:02] Syncing ever_expanding_dataset_system_design.md...
2025/09/16 14:00:02 INFO  : 
Transferred:   	          0 B / 0 B, -, 0 B/s, ETA -
Elapsed time:         0.0s

[2025-09-16 14:00:02] Syncing eed_system_files.tar.gz...
2025/09/16 14:00:03 INFO  : 
Transferred:   	          0 B / 0 B, -, 0 B/s, ETA -
Elapsed time:         0.0s

[2025-09-16 14:00:03] Sync completed!
[2025-09-16 15:00:01] Starting sync to Google Drive...
[2025-09-16 15:00:01] Syncing eed_system...
2025/09/16 15:00:03 INFO  : There was nothing to transfer
2025/09/16 15:00:03 INFO  : 
Transferred:   	          0 B / 0 B, -, 0 B/s, ETA -
Checks:                 2 / 2, 100%, Listed 6
Elapsed time:         0.4s

[2025-09-16 15:00:03] Syncing ever_expanding_dataset_system_design.md...
2025/09/16 15:00:03 INFO  : 
Transferred:   	          0 B / 0 B, -, 0 B/s, ETA -
Elapsed time:         0.0s

[2025-09-16 15:00:03] Syncing eed_system_files.tar.gz...
2025/09/16 15:00:04 INFO  : 
Transferred:   	          0 B / 0 B, -, 0 B/s, ETA -
Elapsed time:         0.0s

[2025-09-16 15:00:04] Sync completed!
[2025-09-16 16:00:01] Starting sync to Google Drive...
[2025-09-16 16:00:01] Syncing eed_system...
2025/09/16 16:00:02 INFO  : There was nothing to transfer
2025/09/16 16:00:02 INFO  : 
Transferred:   	          0 B / 0 B, -, 0 B/s, ETA -
Checks:                 2 / 2, 100%, Listed 6
Elapsed time:         0.4s

[2025-09-16 16:00:02] Syncing ever_expanding_dataset_system_design.md...
2025/09/16 16:00:03 INFO  : 
Transferred:   	          0 B / 0 B, -, 0 B/s, ETA -
Elapsed time:         0.0s

[2025-09-16 16:00:03] Syncing eed_system_files.tar.gz...
2025/09/16 16:00:03 INFO  : 
Transferred:   	          0 B / 0 B, -, 0 B/s, ETA -
Elapsed time:         0.0s

[2025-09-16 16:00:03] Sync completed!
[2025-09-16 17:00:01] Starting sync to Google Drive...
[2025-09-16 17:00:01] Syncing eed_system...
2025/09/16 17:00:02 INFO  : There was nothing to transfer
2025/09/16 17:00:02 INFO  : 
Transferred:   	          0 B / 0 B, -, 0 B/s, ETA -
Checks:                 2 / 2, 100%, Listed 6
Elapsed time:         0.5s

[2025-09-16 17:00:02] Syncing ever_expanding_dataset_system_design.md...
2025/09/16 17:00:03 INFO  : 
Transferred:   	          0 B / 0 B, -, 0 B/s, ETA -
Elapsed time:         0.0s

[2025-09-16 17:00:03] Syncing eed_system_files.tar.gz...
2025/09/16 17:00:03 INFO  : 
Transferred:   	          0 B / 0 B, -, 0 B/s, ETA -
Elapsed time:         0.0s

[2025-09-16 17:00:03] Sync completed!
[2025-09-16 18:00:01] Starting sync to Google Drive...
[2025-09-16 18:00:01] Syncing eed_system...
2025/09/16 18:00:02 INFO  : There was nothing to transfer
2025/09/16 18:00:02 INFO  : 
Transferred:   	          0 B / 0 B, -, 0 B/s, ETA -
Checks:                 2 / 2, 100%, Listed 6
Elapsed time:         0.4s

[2025-09-16 18:00:02] Syncing ever_expanding_dataset_system_design.md...
2025/09/16 18:00:03 INFO  : 
Transferred:   	          0 B / 0 B, -, 0 B/s, ETA -
Elapsed time:         0.0s

[2025-09-16 18:00:03] Syncing eed_system_files.tar.gz...
2025/09/16 18:00:04 INFO  : 
Transferred:   	          0 B / 0 B, -, 0 B/s, ETA -
Elapsed time:         0.0s

[2025-09-16 18:00:04] Sync completed!
[2025-09-16 19:00:01] Starting sync to Google Drive...
[2025-09-16 19:00:01] Syncing eed_system...
2025/09/16 19:00:02 INFO  : There was nothing to transfer
2025/09/16 19:00:02 INFO  : 
Transferred:   	          0 B / 0 B, -, 0 B/s, ETA -
Checks:                 2 / 2, 100%, Listed 6
Elapsed time:         0.4s

[2025-09-16 19:00:02] Syncing ever_expanding_dataset_system_design.md...
2025/09/16 19:00:03 INFO  : 
Transferred:   	          0 B / 0 B, -, 0 B/s, ETA -
Elapsed time:         0.0s

[2025-09-16 19:00:03] Syncing eed_system_files.tar.gz...
2025/09/16 19:00:03 INFO  : 
Transferred:   	          0 B / 0 B, -, 0 B/s, ETA -
Elapsed time:         0.0s

[2025-09-16 19:00:03] Sync completed!
[2025-09-16 20:00:01] Starting sync to Google Drive...
[2025-09-16 20:00:01] Syncing eed_system...
2025/09/16 20:00:02 INFO  : There was nothing to transfer
2025/09/16 20:00:02 INFO  : 
Transferred:   	          0 B / 0 B, -, 0 B/s, ETA -
Checks:                 2 / 2, 100%, Listed 6
Elapsed time:         0.4s

[2025-09-16 20:00:02] Syncing ever_expanding_dataset_system_design.md...
2025/09/16 20:00:03 INFO  : 
Transferred:   	          0 B / 0 B, -, 0 B/s, ETA -
Elapsed time:         0.0s

[2025-09-16 20:00:03] Syncing eed_system_files.tar.gz...
2025/09/16 20:00:03 INFO  : 
Transferred:   	          0 B / 0 B, -, 0 B/s, ETA -
Elapsed time:         0.0s

[2025-09-16 20:00:03] Sync completed!
[2025-09-16 21:00:01] Starting sync to Google Drive...
[2025-09-16 21:00:01] Syncing eed_system...
2025/09/16 21:00:02 INFO  : There was nothing to transfer
2025/09/16 21:00:02 INFO  : 
Transferred:   	          0 B / 0 B, -, 0 B/s, ETA -
Checks:                 2 / 2, 100%, Listed 6
Elapsed time:         0.4s

[2025-09-16 21:00:02] Syncing ever_expanding_dataset_system_design.md...
2025/09/16 21:00:03 INFO  : 
Transferred:   	          0 B / 0 B, -, 0 B/s, ETA -
Elapsed time:         0.0s

[2025-09-16 21:00:03] Syncing eed_system_files.tar.gz...
2025/09/16 21:00:03 INFO  : 
Transferred:   	          0 B / 0 B, -, 0 B/s, ETA -
Elapsed time:         0.0s

[2025-09-16 21:00:03] Sync completed!
[2025-09-16 22:00:01] Starting sync to Google Drive...
[2025-09-16 22:00:01] Syncing eed_system...
2025/09/16 22:00:02 INFO  : There was nothing to transfer
2025/09/16 22:00:02 INFO  : 
Transferred:   	          0 B / 0 B, -, 0 B/s, ETA -
Checks:                 2 / 2, 100%, Listed 6
Elapsed time:         0.4s

[2025-09-16 22:00:02] Syncing ever_expanding_dataset_system_design.md...
2025/09/16 22:00:03 INFO  : 
Transferred:   	          0 B / 0 B, -, 0 B/s, ETA -
Elapsed time:         0.0s

[2025-09-16 22:00:03] Syncing eed_system_files.tar.gz...
2025/09/16 22:00:04 INFO  : 
Transferred:   	          0 B / 0 B, -, 0 B/s, ETA -
Elapsed time:         0.0s

[2025-09-16 22:00:04] Sync completed!
[2025-09-16 23:00:02] Starting sync to Google Drive...
[2025-09-16 23:00:02] Syncing eed_system...
2025/09/16 23:00:03 INFO  : There was nothing to transfer
2025/09/16 23:00:03 INFO  : 
Transferred:   	          0 B / 0 B, -, 0 B/s, ETA -
Checks:                 2 / 2, 100%, Listed 6
Elapsed time:         0.8s

[2025-09-16 23:00:03] Syncing ever_expanding_dataset_system_design.md...
2025/09/16 23:00:39 INFO  : 
Transferred:   	          0 B / 0 B, -, 0 B/s, ETA -
Elapsed time:         0.0s

[2025-09-16 23:00:39] Syncing eed_system_files.tar.gz...
2025/09/16 23:00:41 INFO  : 
Transferred:   	          0 B / 0 B, -, 0 B/s, ETA -
Elapsed time:         0.0s

[2025-09-16 23:00:41] Sync completed!
[2025-09-17 00:00:01] Starting sync to Google Drive...
[2025-09-17 00:00:01] Syncing eed_system...
2025/09/17 00:00:02 INFO  : There was nothing to transfer
2025/09/17 00:00:02 INFO  : 
Transferred:   	          0 B / 0 B, -, 0 B/s, ETA -
Checks:                 2 / 2, 100%, Listed 6
Elapsed time:         0.5s

[2025-09-17 00:00:02] Syncing ever_expanding_dataset_system_design.md...
2025/09/17 00:00:03 INFO  : 
Transferred:   	          0 B / 0 B, -, 0 B/s, ETA -
Elapsed time:         0.0s

[2025-09-17 00:00:03] Syncing eed_system_files.tar.gz...
2025/09/17 00:00:03 INFO  : 
Transferred:   	          0 B / 0 B, -, 0 B/s, ETA -
Elapsed time:         0.0s

[2025-09-17 00:00:03] Sync completed!
[2025-09-17 01:00:01] Starting sync to Google Drive...
[2025-09-17 01:00:01] Syncing eed_system...
2025/09/17 01:00:03 INFO  : There was nothing to transfer
2025/09/17 01:00:03 INFO  : 
Transferred:   	          0 B / 0 B, -, 0 B/s, ETA -
Checks:                 2 / 2, 100%, Listed 6
Elapsed time:         0.5s

[2025-09-17 01:00:03] Syncing ever_expanding_dataset_system_design.md...
2025/09/17 01:00:03 INFO  : 
Transferred:   	          0 B / 0 B, -, 0 B/s, ETA -
Elapsed time:         0.0s

[2025-09-17 01:00:03] Syncing eed_system_files.tar.gz...
2025/09/17 01:00:04 INFO  : 
Transferred:   	          0 B / 0 B, -, 0 B/s, ETA -
Elapsed time:         0.0s

[2025-09-17 01:00:04] Sync completed!
[2025-09-17 02:00:01] Starting sync to Google Drive...
[2025-09-17 02:00:01] Syncing eed_system...
2025/09/17 02:00:03 INFO  : There was nothing to transfer
2025/09/17 02:00:03 INFO  : 
Transferred:   	          0 B / 0 B, -, 0 B/s, ETA -
Checks:                 2 / 2, 100%, Listed 6
Elapsed time:         0.4s

[2025-09-17 02:00:03] Syncing ever_expanding_dataset_system_design.md...
2025/09/17 02:00:16 INFO  : 
Transferred:   	          0 B / 0 B, -, 0 B/s, ETA -
Elapsed time:         0.0s

[2025-09-17 02:00:16] Syncing eed_system_files.tar.gz...
2025/09/17 02:00:52 INFO  : 
Transferred:   	          0 B / 0 B, -, 0 B/s, ETA -
Elapsed time:         0.0s

[2025-09-17 02:00:52] Sync completed!
[2025-09-17 03:00:01] Starting sync to Google Drive...
[2025-09-17 03:00:01] Syncing eed_system...
2025/09/17 03:00:02 INFO  : There was nothing to transfer
2025/09/17 03:00:02 INFO  : 
Transferred:   	          0 B / 0 B, -, 0 B/s, ETA -
Checks:                 2 / 2, 100%, Listed 6
Elapsed time:         0.4s

[2025-09-17 03:00:02] Syncing ever_expanding_dataset_system_design.md...
2025/09/17 03:00:02 INFO  : 
Transferred:   	          0 B / 0 B, -, 0 B/s, ETA -
Elapsed time:         0.0s

[2025-09-17 03:00:02] Syncing eed_system_files.tar.gz...
2025/09/17 03:00:03 INFO  : 
Transferred:   	          0 B / 0 B, -, 0 B/s, ETA -
Elapsed time:         0.0s

[2025-09-17 03:00:03] Sync completed!
[2025-09-17 04:00:01] Starting sync to Google Drive...
[2025-09-17 04:00:01] Syncing eed_system...
2025/09/17 04:00:02 INFO  : There was nothing to transfer
2025/09/17 04:00:02 INFO  : 
Transferred:   	          0 B / 0 B, -, 0 B/s, ETA -
Checks:                 2 / 2, 100%, Listed 6
Elapsed time:         0.4s

[2025-09-17 04:00:02] Syncing ever_expanding_dataset_system_design.md...
2025/09/17 04:00:03 INFO  : 
Transferred:   	          0 B / 0 B, -, 0 B/s, ETA -
Elapsed time:         0.0s

[2025-09-17 04:00:03] Syncing eed_system_files.tar.gz...
2025/09/17 04:00:03 INFO  : 
Transferred:   	          0 B / 0 B, -, 0 B/s, ETA -
Elapsed time:         0.0s

[2025-09-17 04:00:03] Sync completed!
[2025-09-17 05:00:01] Starting sync to Google Drive...
[2025-09-17 05:00:01] Syncing eed_system...
2025/09/17 05:00:02 INFO  : There was nothing to transfer
2025/09/17 05:00:02 INFO  : 
Transferred:   	          0 B / 0 B, -, 0 B/s, ETA -
Checks:                 2 / 2, 100%, Listed 6
Elapsed time:         0.4s

[2025-09-17 05:00:02] Syncing ever_expanding_dataset_system_design.md...
2025/09/17 05:00:03 INFO  : 
Transferred:   	          0 B / 0 B, -, 0 B/s, ETA -
Elapsed time:         0.0s

[2025-09-17 05:00:03] Syncing eed_system_files.tar.gz...
2025/09/17 05:00:37 INFO  : 
Transferred:   	          0 B / 0 B, -, 0 B/s, ETA -
Elapsed time:         0.0s

[2025-09-17 05:00:37] Sync completed!
[2025-09-17 06:00:01] Starting sync to Google Drive...
[2025-09-17 06:00:01] Syncing eed_system...
2025/09/17 06:00:02 INFO  : There was nothing to transfer
2025/09/17 06:00:02 INFO  : 
Transferred:   	          0 B / 0 B, -, 0 B/s, ETA -
Checks:                 2 / 2, 100%, Listed 6
Elapsed time:         0.5s

[2025-09-17 06:00:02] Syncing ever_expanding_dataset_system_design.md...
2025/09/17 06:00:03 INFO  : 
Transferred:   	          0 B / 0 B, -, 0 B/s, ETA -
Elapsed time:         0.0s

[2025-09-17 06:00:03] Syncing eed_system_files.tar.gz...
2025/09/17 06:00:04 INFO  : 
Transferred:   	          0 B / 0 B, -, 0 B/s, ETA -
Elapsed time:         0.0s

[2025-09-17 06:00:04] Sync completed!
[2025-09-17 07:00:01] Starting sync to Google Drive...
[2025-09-17 07:00:01] Syncing eed_system...
2025/09/17 07:00:03 INFO  : There was nothing to transfer
2025/09/17 07:00:03 INFO  : 
Transferred:   	          0 B / 0 B, -, 0 B/s, ETA -
Checks:                 2 / 2, 100%, Listed 6
Elapsed time:         0.6s

[2025-09-17 07:00:03] Syncing ever_expanding_dataset_system_design.md...
2025/09/17 07:00:38 INFO  : 
Transferred:   	          0 B / 0 B, -, 0 B/s, ETA -
Elapsed time:         0.0s

[2025-09-17 07:00:38] Syncing eed_system_files.tar.gz...
2025/09/17 07:00:38 INFO  : 
Transferred:   	          0 B / 0 B, -, 0 B/s, ETA -
Elapsed time:         0.0s

[2025-09-17 07:00:39] Sync completed!
[2025-09-17 08:00:01] Starting sync to Google Drive...
[2025-09-17 08:00:01] Syncing eed_system...
2025/09/17 08:00:03 INFO  : There was nothing to transfer
2025/09/17 08:00:03 INFO  : 
Transferred:   	          0 B / 0 B, -, 0 B/s, ETA -
Checks:                 2 / 2, 100%, Listed 6
Elapsed time:         0.8s

[2025-09-17 08:00:03] Syncing ever_expanding_dataset_system_design.md...
2025/09/17 08:00:03 INFO  : 
Transferred:   	          0 B / 0 B, -, 0 B/s, ETA -
Elapsed time:         0.0s

[2025-09-17 08:00:03] Syncing eed_system_files.tar.gz...
2025/09/17 08:00:39 INFO  : 
Transferred:   	          0 B / 0 B, -, 0 B/s, ETA -
Elapsed time:         0.0s

[2025-09-17 08:00:39] Sync completed!
[2025-09-17 09:00:01] Starting sync to Google Drive...
[2025-09-17 09:00:01] Syncing eed_system...
2025/09/17 09:00:02 INFO  : There was nothing to transfer
2025/09/17 09:00:02 INFO  : 
Transferred:   	          0 B / 0 B, -, 0 B/s, ETA -
Checks:                 2 / 2, 100%, Listed 6
Elapsed time:         0.5s

[2025-09-17 09:00:02] Syncing ever_expanding_dataset_system_design.md...
2025/09/17 09:00:04 INFO  : 
Transferred:   	          0 B / 0 B, -, 0 B/s, ETA -
Elapsed time:         0.0s

[2025-09-17 09:00:04] Syncing eed_system_files.tar.gz...
2025/09/17 09:00:55 INFO  : 
Transferred:   	          0 B / 0 B, -, 0 B/s, ETA -
Elapsed time:         0.0s

[2025-09-17 09:00:55] Sync completed!
[2025-09-17 10:00:01] Starting sync to Google Drive...
[2025-09-17 10:00:01] Syncing eed_system...
2025/09/17 10:00:02 INFO  : There was nothing to transfer
2025/09/17 10:00:02 INFO  : 
Transferred:   	          0 B / 0 B, -, 0 B/s, ETA -
Checks:                 2 / 2, 100%, Listed 6
Elapsed time:         0.4s

[2025-09-17 10:00:02] Syncing ever_expanding_dataset_system_design.md...
2025/09/17 10:00:03 INFO  : 
Transferred:   	          0 B / 0 B, -, 0 B/s, ETA -
Elapsed time:         0.0s

[2025-09-17 10:00:03] Syncing eed_system_files.tar.gz...
2025/09/17 10:00:04 INFO  : 
Transferred:   	          0 B / 0 B, -, 0 B/s, ETA -
Elapsed time:         0.0s

[2025-09-17 10:00:04] Sync completed!
[2025-09-17 11:00:01] Starting sync to Google Drive...
[2025-09-17 11:00:01] Syncing eed_system...
2025/09/17 11:00:02 INFO  : There was nothing to transfer
2025/09/17 11:00:02 INFO  : 
Transferred:   	          0 B / 0 B, -, 0 B/s, ETA -
Checks:                 2 / 2, 100%, Listed 6
Elapsed time:         0.4s

[2025-09-17 11:00:02] Syncing ever_expanding_dataset_system_design.md...
2025/09/17 11:00:03 INFO  : 
Transferred:   	          0 B / 0 B, -, 0 B/s, ETA -
Elapsed time:         0.0s

[2025-09-17 11:00:03] Syncing eed_system_files.tar.gz...
2025/09/17 11:00:03 INFO  : 
Transferred:   	          0 B / 0 B, -, 0 B/s, ETA -
Elapsed time:         0.0s

[2025-09-17 11:00:03] Sync completed!
[2025-09-17 12:00:01] Starting sync to Google Drive...
[2025-09-17 12:00:01] Syncing eed_system...
2025/09/17 12:00:04 INFO  : There was nothing to transfer
2025/09/17 12:00:04 INFO  : 
Transferred:   	          0 B / 0 B, -, 0 B/s, ETA -
Checks:                 2 / 2, 100%, Listed 6
Elapsed time:         0.6s

[2025-09-17 12:00:04] Syncing ever_expanding_dataset_system_design.md...
2025/09/17 12:00:04 INFO  : 
Transferred:   	          0 B / 0 B, -, 0 B/s, ETA -
Elapsed time:         0.0s

[2025-09-17 12:00:04] Syncing eed_system_files.tar.gz...
2025/09/17 12:00:58 INFO  : 
Transferred:   	          0 B / 0 B, -, 0 B/s, ETA -
Elapsed time:         0.0s

[2025-09-17 12:00:58] Sync completed!
[2025-09-17 13:00:01] Starting sync to Google Drive...
[2025-09-17 13:00:01] Syncing eed_system...
2025/09/17 13:00:02 INFO  : There was nothing to transfer
2025/09/17 13:00:02 INFO  : 
Transferred:   	          0 B / 0 B, -, 0 B/s, ETA -
Checks:                 2 / 2, 100%, Listed 6
Elapsed time:         0.5s

[2025-09-17 13:00:02] Syncing ever_expanding_dataset_system_design.md...
2025/09/17 13:00:03 INFO  : 
Transferred:   	          0 B / 0 B, -, 0 B/s, ETA -
Elapsed time:         0.0s

[2025-09-17 13:00:03] Syncing eed_system_files.tar.gz...
2025/09/17 13:00:04 INFO  : 
Transferred:   	          0 B / 0 B, -, 0 B/s, ETA -
Elapsed time:         0.0s

[2025-09-17 13:00:04] Sync completed!
[2025-09-17 14:00:01] Starting sync to Google Drive...
[2025-09-17 14:00:01] Syncing eed_system...
2025/09/17 14:00:02 INFO  : There was nothing to transfer
2025/09/17 14:00:02 INFO  : 
Transferred:   	          0 B / 0 B, -, 0 B/s, ETA -
Checks:                 2 / 2, 100%, Listed 6
Elapsed time:         0.4s

[2025-09-17 14:00:02] Syncing ever_expanding_dataset_system_design.md...
2025/09/17 14:00:02 INFO  : 
Transferred:   	          0 B / 0 B, -, 0 B/s, ETA -
Elapsed time:         0.0s

[2025-09-17 14:00:02] Syncing eed_system_files.tar.gz...
2025/09/17 14:00:03 INFO  : 
Transferred:   	          0 B / 0 B, -, 0 B/s, ETA -
Elapsed time:         0.0s

[2025-09-17 14:00:03] Sync completed!
[2025-09-17 15:00:01] Starting sync to Google Drive...
[2025-09-17 15:00:01] Syncing eed_system...
2025/09/17 15:00:03 INFO  : There was nothing to transfer
2025/09/17 15:00:03 INFO  : 
Transferred:   	          0 B / 0 B, -, 0 B/s, ETA -
Checks:                 2 / 2, 100%, Listed 6
Elapsed time:         0.5s

[2025-09-17 15:00:03] Syncing ever_expanding_dataset_system_design.md...
2025/09/17 15:00:03 INFO  : 
Transferred:   	          0 B / 0 B, -, 0 B/s, ETA -
Elapsed time:         0.0s

[2025-09-17 15:00:03] Syncing eed_system_files.tar.gz...
2025/09/17 15:00:04 INFO  : 
Transferred:   	          0 B / 0 B, -, 0 B/s, ETA -
Elapsed time:         0.0s

[2025-09-17 15:00:04] Sync completed!
[2025-09-17 16:00:01] Starting sync to Google Drive...
[2025-09-17 16:00:01] Syncing eed_system...
2025/09/17 16:00:02 INFO  : There was nothing to transfer
2025/09/17 16:00:02 INFO  : 
Transferred:   	          0 B / 0 B, -, 0 B/s, ETA -
Checks:                 2 / 2, 100%, Listed 6
Elapsed time:         0.4s

[2025-09-17 16:00:02] Syncing ever_expanding_dataset_system_design.md...
2025/09/17 16:00:03 INFO  : 
Transferred:   	          0 B / 0 B, -, 0 B/s, ETA -
Elapsed time:         0.0s

[2025-09-17 16:00:03] Syncing eed_system_files.tar.gz...
2025/09/17 16:00:53 INFO  : 
Transferred:   	          0 B / 0 B, -, 0 B/s, ETA -
Elapsed time:         0.0s

[2025-09-17 16:00:53] Sync completed!
[2025-09-17 17:00:01] Starting sync to Google Drive...
[2025-09-17 17:00:01] Syncing eed_system...
2025/09/17 17:00:03 INFO  : There was nothing to transfer
2025/09/17 17:00:03 INFO  : 
Transferred:   	          0 B / 0 B, -, 0 B/s, ETA -
Checks:                 2 / 2, 100%, Listed 6
Elapsed time:         0.5s

[2025-09-17 17:00:03] Syncing ever_expanding_dataset_system_design.md...
2025/09/17 17:00:03 INFO  : 
Transferred:   	          0 B / 0 B, -, 0 B/s, ETA -
Elapsed time:         0.0s

[2025-09-17 17:00:03] Syncing eed_system_files.tar.gz...
2025/09/17 17:00:38 INFO  : 
Transferred:   	          0 B / 0 B, -, 0 B/s, ETA -
Elapsed time:         0.0s

[2025-09-17 17:00:38] Sync completed!
[2025-09-17 18:00:01] Starting sync to Google Drive...
[2025-09-17 18:00:01] Syncing eed_system...
2025/09/17 18:00:02 INFO  : There was nothing to transfer
2025/09/17 18:00:02 INFO  : 
Transferred:   	          0 B / 0 B, -, 0 B/s, ETA -
Checks:                 2 / 2, 100%, Listed 6
Elapsed time:         0.4s

[2025-09-17 18:00:02] Syncing ever_expanding_dataset_system_design.md...
2025/09/17 18:00:03 INFO  : 
Transferred:   	          0 B / 0 B, -, 0 B/s, ETA -
Elapsed time:         0.0s

[2025-09-17 18:00:03] Syncing eed_system_files.tar.gz...
2025/09/17 18:00:53 INFO  : 
Transferred:   	          0 B / 0 B, -, 0 B/s, ETA -
Elapsed time:         0.0s

[2025-09-17 18:00:53] Sync completed!
[2025-09-17 19:00:01] Starting sync to Google Drive...
[2025-09-17 19:00:01] Syncing eed_system...
2025/09/17 19:00:02 INFO  : There was nothing to transfer
2025/09/17 19:00:02 INFO  : 
Transferred:   	          0 B / 0 B, -, 0 B/s, ETA -
Checks:                 2 / 2, 100%, Listed 6
Elapsed time:         0.5s

[2025-09-17 19:00:02] Syncing ever_expanding_dataset_system_design.md...
2025/09/17 19:00:03 INFO  : 
Transferred:   	          0 B / 0 B, -, 0 B/s, ETA -
Elapsed time:         0.0s

[2025-09-17 19:00:03] Syncing eed_system_files.tar.gz...
2025/09/17 19:00:04 INFO  : 
Transferred:   	          0 B / 0 B, -, 0 B/s, ETA -
Elapsed time:         0.0s

[2025-09-17 19:00:04] Sync completed!
[2025-09-17 20:00:01] Starting sync to Google Drive...
[2025-09-17 20:00:01] Syncing eed_system...
2025/09/17 20:00:03 INFO  : There was nothing to transfer
2025/09/17 20:00:03 INFO  : 
Transferred:   	          0 B / 0 B, -, 0 B/s, ETA -
Checks:                 2 / 2, 100%, Listed 6
Elapsed time:         0.4s

[2025-09-17 20:00:03] Syncing ever_expanding_dataset_system_design.md...
2025/09/17 20:00:03 INFO  : 
Transferred:   	          0 B / 0 B, -, 0 B/s, ETA -
Elapsed time:         0.0s

[2025-09-17 20:00:03] Syncing eed_system_files.tar.gz...
2025/09/17 20:00:04 INFO  : 
Transferred:   	          0 B / 0 B, -, 0 B/s, ETA -
Elapsed time:         0.0s

[2025-09-17 20:00:04] Sync completed!
[2025-09-17 21:00:01] Starting sync to Google Drive...
[2025-09-17 21:00:01] Syncing eed_system...
2025/09/17 21:00:02 INFO  : There was nothing to transfer
2025/09/17 21:00:02 INFO  : 
Transferred:   	          0 B / 0 B, -, 0 B/s, ETA -
Checks:                 2 / 2, 100%, Listed 6
Elapsed time:         0.4s

[2025-09-17 21:00:02] Syncing ever_expanding_dataset_system_design.md...
2025/09/17 21:00:03 INFO  : 
Transferred:   	          0 B / 0 B, -, 0 B/s, ETA -
Elapsed time:         0.0s

[2025-09-17 21:00:03] Syncing eed_system_files.tar.gz...
2025/09/17 21:00:04 INFO  : 
Transferred:   	          0 B / 0 B, -, 0 B/s, ETA -
Elapsed time:         0.0s

[2025-09-17 21:00:04] Sync completed!
[2025-09-17 22:00:01] Starting sync to Google Drive...
[2025-09-17 22:00:01] Syncing eed_system...
2025/09/17 22:00:02 INFO  : There was nothing to transfer
2025/09/17 22:00:02 INFO  : 
Transferred:   	          0 B / 0 B, -, 0 B/s, ETA -
Checks:                 2 / 2, 100%, Listed 6
Elapsed time:         0.4s

[2025-09-17 22:00:02] Syncing ever_expanding_dataset_system_design.md...
2025/09/17 22:00:03 INFO  : 
Transferred:   	          0 B / 0 B, -, 0 B/s, ETA -
Elapsed time:         0.0s

[2025-09-17 22:00:03] Syncing eed_system_files.tar.gz...
2025/09/17 22:00:03 INFO  : 
Transferred:   	          0 B / 0 B, -, 0 B/s, ETA -
Elapsed time:         0.0s

[2025-09-17 22:00:03] Sync completed!
[2025-09-17 23:00:01] Starting sync to Google Drive...
[2025-09-17 23:00:01] Syncing eed_system...
2025/09/17 23:00:02 INFO  : There was nothing to transfer
2025/09/17 23:00:02 INFO  : 
Transferred:   	          0 B / 0 B, -, 0 B/s, ETA -
Checks:                 2 / 2, 100%, Listed 6
Elapsed time:         0.4s

[2025-09-17 23:00:02] Syncing ever_expanding_dataset_system_design.md...
2025/09/17 23:00:03 INFO  : 
Transferred:   	          0 B / 0 B, -, 0 B/s, ETA -
Elapsed time:         0.0s

[2025-09-17 23:00:03] Syncing eed_system_files.tar.gz...
2025/09/17 23:00:04 INFO  : 
Transferred:   	          0 B / 0 B, -, 0 B/s, ETA -
Elapsed time:         0.0s

[2025-09-17 23:00:04] Sync completed!
[2025-09-18 00:00:01] Starting sync to Google Drive...
[2025-09-18 00:00:01] Syncing eed_system...
2025/09/18 00:00:03 INFO  : There was nothing to transfer
2025/09/18 00:00:03 INFO  : 
Transferred:   	          0 B / 0 B, -, 0 B/s, ETA -
Checks:                 2 / 2, 100%, Listed 6
Elapsed time:         0.5s

[2025-09-18 00:00:03] Syncing ever_expanding_dataset_system_design.md...
2025/09/18 00:00:03 INFO  : 
Transferred:   	          0 B / 0 B, -, 0 B/s, ETA -
Elapsed time:         0.0s

[2025-09-18 00:00:03] Syncing eed_system_files.tar.gz...
2025/09/18 00:00:37 INFO  : 
Transferred:   	          0 B / 0 B, -, 0 B/s, ETA -
Elapsed time:         0.0s

[2025-09-18 00:00:37] Sync completed!
[2025-09-18 01:00:01] Starting sync to Google Drive...
[2025-09-18 01:00:01] Syncing eed_system...
2025/09/18 01:00:02 INFO  : There was nothing to transfer
2025/09/18 01:00:02 INFO  : 
Transferred:   	          0 B / 0 B, -, 0 B/s, ETA -
Checks:                 2 / 2, 100%, Listed 6
Elapsed time:         0.5s

[2025-09-18 01:00:02] Syncing ever_expanding_dataset_system_design.md...
2025/09/18 01:00:03 INFO  : 
Transferred:   	          0 B / 0 B, -, 0 B/s, ETA -
Elapsed time:         0.0s

[2025-09-18 01:00:03] Syncing eed_system_files.tar.gz...
2025/09/18 01:00:04 INFO  : 
Transferred:   	          0 B / 0 B, -, 0 B/s, ETA -
Elapsed time:         0.0s

[2025-09-18 01:00:04] Sync completed!
[2025-09-18 02:00:01] Starting sync to Google Drive...
[2025-09-18 02:00:01] Syncing eed_system...
2025/09/18 02:00:02 INFO  : There was nothing to transfer
2025/09/18 02:00:02 INFO  : 
Transferred:   	          0 B / 0 B, -, 0 B/s, ETA -
Checks:                 2 / 2, 100%, Listed 6
Elapsed time:         0.4s

[2025-09-18 02:00:02] Syncing ever_expanding_dataset_system_design.md...
2025/09/18 02:00:52 INFO  : 
Transferred:   	          0 B / 0 B, -, 0 B/s, ETA -
Elapsed time:         0.0s

[2025-09-18 02:00:52] Syncing eed_system_files.tar.gz...
2025/09/18 02:00:54 INFO  : 
Transferred:   	          0 B / 0 B, -, 0 B/s, ETA -
Elapsed time:         0.0s

[2025-09-18 02:00:54] Sync completed!
[2025-09-18 03:00:01] Starting sync to Google Drive...
[2025-09-18 03:00:01] Syncing eed_system...
2025/09/18 03:00:02 INFO  : There was nothing to transfer
2025/09/18 03:00:02 INFO  : 
Transferred:   	          0 B / 0 B, -, 0 B/s, ETA -
Checks:                 2 / 2, 100%, Listed 6
Elapsed time:         0.4s

[2025-09-18 03:00:02] Syncing ever_expanding_dataset_system_design.md...
2025/09/18 03:00:03 INFO  : 
Transferred:   	          0 B / 0 B, -, 0 B/s, ETA -
Elapsed time:         0.0s

[2025-09-18 03:00:03] Syncing eed_system_files.tar.gz...
2025/09/18 03:01:27 INFO  : 
Transferred:   	          0 B / 0 B, -, 0 B/s, ETA -
Elapsed time:         0.0s

[2025-09-18 03:01:27] Sync completed!
[2025-09-18 04:00:01] Starting sync to Google Drive...
[2025-09-18 04:00:01] Syncing eed_system...
2025/09/18 04:00:03 INFO  : There was nothing to transfer
2025/09/18 04:00:03 INFO  : 
Transferred:   	          0 B / 0 B, -, 0 B/s, ETA -
Checks:                 2 / 2, 100%, Listed 6
Elapsed time:         0.4s

[2025-09-18 04:00:03] Syncing ever_expanding_dataset_system_design.md...
2025/09/18 04:00:54 INFO  : 
Transferred:   	          0 B / 0 B, -, 0 B/s, ETA -
Elapsed time:         0.0s

[2025-09-18 04:00:54] Syncing eed_system_files.tar.gz...
2025/09/18 04:00:55 INFO  : 
Transferred:   	          0 B / 0 B, -, 0 B/s, ETA -
Elapsed time:         0.0s

[2025-09-18 04:00:55] Sync completed!
[2025-09-18 05:00:01] Starting sync to Google Drive...
[2025-09-18 05:00:01] Syncing eed_system...
2025/09/18 05:00:02 INFO  : There was nothing to transfer
2025/09/18 05:00:02 INFO  : 
Transferred:   	          0 B / 0 B, -, 0 B/s, ETA -
Checks:                 2 / 2, 100%, Listed 6
Elapsed time:         0.4s

[2025-09-18 05:00:02] Syncing ever_expanding_dataset_system_design.md...
2025/09/18 05:00:03 INFO  : 
Transferred:   	          0 B / 0 B, -, 0 B/s, ETA -
Elapsed time:         0.0s

[2025-09-18 05:00:03] Syncing eed_system_files.tar.gz...
2025/09/18 05:00:39 INFO  : 
Transferred:   	          0 B / 0 B, -, 0 B/s, ETA -
Elapsed time:         0.0s

[2025-09-18 05:00:39] Sync completed!
[2025-09-18 06:00:01] Starting sync to Google Drive...
[2025-09-18 06:00:01] Syncing eed_system...
2025/09/18 06:00:02 INFO  : There was nothing to transfer
2025/09/18 06:00:02 INFO  : 
Transferred:   	          0 B / 0 B, -, 0 B/s, ETA -
Checks:                 2 / 2, 100%, Listed 6
Elapsed time:         0.4s

[2025-09-18 06:00:02] Syncing ever_expanding_dataset_system_design.md...
2025/09/18 06:00:03 INFO  : 
Transferred:   	          0 B / 0 B, -, 0 B/s, ETA -
Elapsed time:         0.0s

[2025-09-18 06:00:03] Syncing eed_system_files.tar.gz...
2025/09/18 06:00:38 INFO  : 
Transferred:   	          0 B / 0 B, -, 0 B/s, ETA -
Elapsed time:         0.0s

[2025-09-18 06:00:38] Sync completed!
[2025-09-18 07:00:01] Starting sync to Google Drive...
[2025-09-18 07:00:01] Syncing eed_system...
2025/09/18 07:00:02 INFO  : There was nothing to transfer
2025/09/18 07:00:02 INFO  : 
Transferred:   	          0 B / 0 B, -, 0 B/s, ETA -
Checks:                 2 / 2, 100%, Listed 6
Elapsed time:         0.4s

[2025-09-18 07:00:02] Syncing ever_expanding_dataset_system_design.md...
2025/09/18 07:00:02 INFO  : 
Transferred:   	          0 B / 0 B, -, 0 B/s, ETA -
Elapsed time:         0.0s

[2025-09-18 07:00:02] Syncing eed_system_files.tar.gz...
2025/09/18 07:00:28 INFO  : 
Transferred:   	          0 B / 0 B, -, 0 B/s, ETA -
Elapsed time:         0.0s

[2025-09-18 07:00:28] Sync completed!
[2025-09-18 08:00:01] Starting sync to Google Drive...
[2025-09-18 08:00:01] Syncing eed_system...
2025/09/18 08:00:02 INFO  : There was nothing to transfer
2025/09/18 08:00:02 INFO  : 
Transferred:   	          0 B / 0 B, -, 0 B/s, ETA -
Checks:                 2 / 2, 100%, Listed 6
Elapsed time:         0.4s

[2025-09-18 08:00:02] Syncing ever_expanding_dataset_system_design.md...
2025/09/18 08:00:02 INFO  : 
Transferred:   	          0 B / 0 B, -, 0 B/s, ETA -
Elapsed time:         0.0s

[2025-09-18 08:00:02] Syncing eed_system_files.tar.gz...
2025/09/18 08:00:03 INFO  : 
Transferred:   	          0 B / 0 B, -, 0 B/s, ETA -
Elapsed time:         0.0s

[2025-09-18 08:00:03] Sync completed!
[2025-09-18 09:00:01] Starting sync to Google Drive...
[2025-09-18 09:00:01] Syncing eed_system...
2025/09/18 09:00:02 INFO  : There was nothing to transfer
2025/09/18 09:00:02 INFO  : 
Transferred:   	          0 B / 0 B, -, 0 B/s, ETA -
Checks:                 2 / 2, 100%, Listed 6
Elapsed time:         0.4s

[2025-09-18 09:00:02] Syncing ever_expanding_dataset_system_design.md...
2025/09/18 09:00:03 INFO  : 
Transferred:   	          0 B / 0 B, -, 0 B/s, ETA -
Elapsed time:         0.0s

[2025-09-18 09:00:03] Syncing eed_system_files.tar.gz...
2025/09/18 09:00:54 INFO  : 
Transferred:   	          0 B / 0 B, -, 0 B/s, ETA -
Elapsed time:         0.0s

[2025-09-18 09:00:54] Sync completed!
[2025-09-18 10:00:01] Starting sync to Google Drive...
[2025-09-18 10:00:01] Syncing eed_system...
2025/09/18 10:00:02 INFO  : There was nothing to transfer
2025/09/18 10:00:02 INFO  : 
Transferred:   	          0 B / 0 B, -, 0 B/s, ETA -
Checks:                 2 / 2, 100%, Listed 6
Elapsed time:         0.4s

[2025-09-18 10:00:02] Syncing ever_expanding_dataset_system_design.md...
2025/09/18 10:00:03 INFO  : 
Transferred:   	          0 B / 0 B, -, 0 B/s, ETA -
Elapsed time:         0.0s

[2025-09-18 10:00:03] Syncing eed_system_files.tar.gz...
2025/09/18 10:00:03 INFO  : 
Transferred:   	          0 B / 0 B, -, 0 B/s, ETA -
Elapsed time:         0.0s

[2025-09-18 10:00:03] Sync completed!
[2025-09-18 11:00:01] Starting sync to Google Drive...
[2025-09-18 11:00:01] Syncing eed_system...
2025/09/18 11:00:02 INFO  : There was nothing to transfer
2025/09/18 11:00:02 INFO  : 
Transferred:   	          0 B / 0 B, -, 0 B/s, ETA -
Checks:                 2 / 2, 100%, Listed 6
Elapsed time:         0.4s

[2025-09-18 11:00:02] Syncing ever_expanding_dataset_system_design.md...
2025/09/18 11:00:23 INFO  : 
Transferred:   	          0 B / 0 B, -, 0 B/s, ETA -
Elapsed time:         0.0s

[2025-09-18 11:00:23] Syncing eed_system_files.tar.gz...
2025/09/18 11:00:24 INFO  : 
Transferred:   	          0 B / 0 B, -, 0 B/s, ETA -
Elapsed time:         0.0s

[2025-09-18 11:00:24] Sync completed!
[2025-09-18 12:00:01] Starting sync to Google Drive...
[2025-09-18 12:00:01] Syncing eed_system...
2025/09/18 12:00:02 INFO  : There was nothing to transfer
2025/09/18 12:00:02 INFO  : 
Transferred:   	          0 B / 0 B, -, 0 B/s, ETA -
Checks:                 2 / 2, 100%, Listed 6
Elapsed time:         0.4s

[2025-09-18 12:00:02] Syncing ever_expanding_dataset_system_design.md...
2025/09/18 12:00:03 INFO  : 
Transferred:   	          0 B / 0 B, -, 0 B/s, ETA -
Elapsed time:         0.0s

[2025-09-18 12:00:03] Syncing eed_system_files.tar.gz...
2025/09/18 12:00:03 INFO  : 
Transferred:   	          0 B / 0 B, -, 0 B/s, ETA -
Elapsed time:         0.0s

[2025-09-18 12:00:03] Sync completed!
[2025-09-18 13:00:01] Starting sync to Google Drive...
[2025-09-18 13:00:01] Syncing eed_system...
2025/09/18 13:00:02 INFO  : There was nothing to transfer
2025/09/18 13:00:02 INFO  : 
Transferred:   	          0 B / 0 B, -, 0 B/s, ETA -
Checks:                 2 / 2, 100%, Listed 6
Elapsed time:         0.4s

[2025-09-18 13:00:02] Syncing ever_expanding_dataset_system_design.md...
2025/09/18 13:00:02 INFO  : 
Transferred:   	          0 B / 0 B, -, 0 B/s, ETA -
Elapsed time:         0.0s

[2025-09-18 13:00:02] Syncing eed_system_files.tar.gz...
2025/09/18 13:00:03 INFO  : 
Transferred:   	          0 B / 0 B, -, 0 B/s, ETA -
Elapsed time:         0.0s

[2025-09-18 13:00:03] Sync completed!
[2025-09-18 14:00:01] Starting sync to Google Drive...
[2025-09-18 14:00:01] Syncing eed_system...
2025/09/18 14:00:02 INFO  : There was nothing to transfer
2025/09/18 14:00:02 INFO  : 
Transferred:   	          0 B / 0 B, -, 0 B/s, ETA -
Checks:                 2 / 2, 100%, Listed 6
Elapsed time:         0.4s

[2025-09-18 14:00:02] Syncing ever_expanding_dataset_system_design.md...
2025/09/18 14:00:03 INFO  : 
Transferred:   	          0 B / 0 B, -, 0 B/s, ETA -
Elapsed time:         0.0s

[2025-09-18 14:00:03] Syncing eed_system_files.tar.gz...
2025/09/18 14:00:03 INFO  : 
Transferred:   	          0 B / 0 B, -, 0 B/s, ETA -
Elapsed time:         0.0s

[2025-09-18 14:00:03] Sync completed!
[2025-09-18 15:00:01] Starting sync to Google Drive...
[2025-09-18 15:00:01] Syncing eed_system...
2025/09/18 15:00:02 INFO  : There was nothing to transfer
2025/09/18 15:00:02 INFO  : 
Transferred:   	          0 B / 0 B, -, 0 B/s, ETA -
Checks:                 2 / 2, 100%, Listed 6
Elapsed time:         0.4s

[2025-09-18 15:00:02] Syncing ever_expanding_dataset_system_design.md...
2025/09/18 15:00:03 INFO  : 
Transferred:   	          0 B / 0 B, -, 0 B/s, ETA -
Elapsed time:         0.0s

[2025-09-18 15:00:03] Syncing eed_system_files.tar.gz...
2025/09/18 15:00:52 INFO  : 
Transferred:   	          0 B / 0 B, -, 0 B/s, ETA -
Elapsed time:         0.0s

[2025-09-18 15:00:52] Sync completed!
[2025-09-18 16:00:01] Starting sync to Google Drive...
[2025-09-18 16:00:01] Syncing eed_system...
2025/09/18 16:00:02 INFO  : There was nothing to transfer
2025/09/18 16:00:02 INFO  : 
Transferred:   	          0 B / 0 B, -, 0 B/s, ETA -
Checks:                 2 / 2, 100%, Listed 6
Elapsed time:         0.5s

[2025-09-18 16:00:02] Syncing ever_expanding_dataset_system_design.md...
2025/09/18 16:00:03 INFO  : 
Transferred:   	          0 B / 0 B, -, 0 B/s, ETA -
Elapsed time:         0.0s

[2025-09-18 16:00:03] Syncing eed_system_files.tar.gz...
2025/09/18 16:00:03 INFO  : 
Transferred:   	          0 B / 0 B, -, 0 B/s, ETA -
Elapsed time:         0.0s

[2025-09-18 16:00:03] Sync completed!
[2025-09-18 17:00:01] Starting sync to Google Drive...
[2025-09-18 17:00:01] Syncing eed_system...
2025/09/18 17:00:02 INFO  : There was nothing to transfer
2025/09/18 17:00:02 INFO  : 
Transferred:   	          0 B / 0 B, -, 0 B/s, ETA -
Checks:                 2 / 2, 100%, Listed 6
Elapsed time:         0.5s

[2025-09-18 17:00:02] Syncing ever_expanding_dataset_system_design.md...
2025/09/18 17:00:35 INFO  : 
Transferred:   	          0 B / 0 B, -, 0 B/s, ETA -
Elapsed time:         0.0s

[2025-09-18 17:00:36] Syncing eed_system_files.tar.gz...
2025/09/18 17:00:36 INFO  : 
Transferred:   	          0 B / 0 B, -, 0 B/s, ETA -
Elapsed time:         0.0s

[2025-09-18 17:00:36] Sync completed!
[2025-09-18 18:00:01] Starting sync to Google Drive...
[2025-09-18 18:00:01] Syncing eed_system...
2025/09/18 18:00:02 INFO  : There was nothing to transfer
2025/09/18 18:00:02 INFO  : 
Transferred:   	          0 B / 0 B, -, 0 B/s, ETA -
Checks:                 2 / 2, 100%, Listed 6
Elapsed time:         0.4s

[2025-09-18 18:00:02] Syncing ever_expanding_dataset_system_design.md...
2025/09/18 18:00:03 INFO  : 
Transferred:   	          0 B / 0 B, -, 0 B/s, ETA -
Elapsed time:         0.0s

[2025-09-18 18:00:03] Syncing eed_system_files.tar.gz...
2025/09/18 18:00:03 INFO  : 
Transferred:   	          0 B / 0 B, -, 0 B/s, ETA -
Elapsed time:         0.0s

[2025-09-18 18:00:03] Sync completed!
[2025-09-18 19:00:02] Starting sync to Google Drive...
[2025-09-18 19:00:02] Syncing eed_system...
2025/09/18 19:00:03 INFO  : There was nothing to transfer
2025/09/18 19:00:03 INFO  : 
Transferred:   	          0 B / 0 B, -, 0 B/s, ETA -
Checks:                 2 / 2, 100%, Listed 6
Elapsed time:         0.4s

[2025-09-18 19:00:03] Syncing ever_expanding_dataset_system_design.md...
2025/09/18 19:00:03 INFO  : 
Transferred:   	          0 B / 0 B, -, 0 B/s, ETA -
Elapsed time:         0.0s

[2025-09-18 19:00:03] Syncing eed_system_files.tar.gz...
2025/09/18 19:00:55 INFO  : 
Transferred:   	          0 B / 0 B, -, 0 B/s, ETA -
Elapsed time:         0.0s

[2025-09-18 19:00:55] Sync completed!
[2025-09-18 20:00:01] Starting sync to Google Drive...
[2025-09-18 20:00:01] Syncing eed_system...
2025/09/18 20:00:02 INFO  : There was nothing to transfer
2025/09/18 20:00:02 INFO  : 
Transferred:   	          0 B / 0 B, -, 0 B/s, ETA -
Checks:                 2 / 2, 100%, Listed 6
Elapsed time:         0.4s

[2025-09-18 20:00:02] Syncing ever_expanding_dataset_system_design.md...
2025/09/18 20:00:02 INFO  : 
Transferred:   	          0 B / 0 B, -, 0 B/s, ETA -
Elapsed time:         0.0s

[2025-09-18 20:00:02] Syncing eed_system_files.tar.gz...
2025/09/18 20:00:03 INFO  : 
Transferred:   	          0 B / 0 B, -, 0 B/s, ETA -
Elapsed time:         0.0s

[2025-09-18 20:00:03] Sync completed!
[2025-09-18 21:00:01] Starting sync to Google Drive...
[2025-09-18 21:00:01] Syncing eed_system...
2025/09/18 21:00:02 INFO  : There was nothing to transfer
2025/09/18 21:00:02 INFO  : 
Transferred:   	          0 B / 0 B, -, 0 B/s, ETA -
Checks:                 2 / 2, 100%, Listed 6
Elapsed time:         0.4s

[2025-09-18 21:00:02] Syncing ever_expanding_dataset_system_design.md...
2025/09/18 21:00:03 INFO  : 
Transferred:   	          0 B / 0 B, -, 0 B/s, ETA -
Elapsed time:         0.0s

[2025-09-18 21:00:03] Syncing eed_system_files.tar.gz...
2025/09/18 21:00:03 INFO  : 
Transferred:   	          0 B / 0 B, -, 0 B/s, ETA -
Elapsed time:         0.0s

[2025-09-18 21:00:03] Sync completed!
[2025-09-18 22:00:01] Starting sync to Google Drive...
[2025-09-18 22:00:01] Syncing eed_system...
2025/09/18 22:00:02 INFO  : There was nothing to transfer
2025/09/18 22:00:02 INFO  : 
Transferred:   	          0 B / 0 B, -, 0 B/s, ETA -
Checks:                 2 / 2, 100%, Listed 6
Elapsed time:         0.4s

[2025-09-18 22:00:02] Syncing ever_expanding_dataset_system_design.md...
2025/09/18 22:00:03 INFO  : 
Transferred:   	          0 B / 0 B, -, 0 B/s, ETA -
Elapsed time:         0.0s

[2025-09-18 22:00:03] Syncing eed_system_files.tar.gz...
2025/09/18 22:00:08 INFO  : 
Transferred:   	          0 B / 0 B, -, 0 B/s, ETA -
Elapsed time:         0.0s

[2025-09-18 22:00:08] Sync completed!
[2025-09-18 23:00:01] Starting sync to Google Drive...
[2025-09-18 23:00:01] Syncing eed_system...
2025/09/18 23:00:03 INFO  : There was nothing to transfer
2025/09/18 23:00:03 INFO  : 
Transferred:   	          0 B / 0 B, -, 0 B/s, ETA -
Checks:                 2 / 2, 100%, Listed 6
Elapsed time:         0.4s

[2025-09-18 23:00:03] Syncing ever_expanding_dataset_system_design.md...
2025/09/18 23:00:35 INFO  : 
Transferred:   	          0 B / 0 B, -, 0 B/s, ETA -
Elapsed time:         0.0s

[2025-09-18 23:00:35] Syncing eed_system_files.tar.gz...
2025/09/18 23:00:36 INFO  : 
Transferred:   	          0 B / 0 B, -, 0 B/s, ETA -
Elapsed time:         0.0s

[2025-09-18 23:00:36] Sync completed!
[2025-09-19 00:00:01] Starting sync to Google Drive...
[2025-09-19 00:00:01] Syncing eed_system...
2025/09/19 00:00:02 INFO  : There was nothing to transfer
2025/09/19 00:00:02 INFO  : 
Transferred:   	          0 B / 0 B, -, 0 B/s, ETA -
Checks:                 2 / 2, 100%, Listed 6
Elapsed time:         0.4s

[2025-09-19 00:00:02] Syncing ever_expanding_dataset_system_design.md...
2025/09/19 00:00:03 INFO  : 
Transferred:   	          0 B / 0 B, -, 0 B/s, ETA -
Elapsed time:         0.0s

[2025-09-19 00:00:03] Syncing eed_system_files.tar.gz...
2025/09/19 00:00:53 INFO  : 
Transferred:   	          0 B / 0 B, -, 0 B/s, ETA -
Elapsed time:         0.0s

[2025-09-19 00:00:53] Sync completed!
[2025-09-19 01:00:01] Starting sync to Google Drive...
[2025-09-19 01:00:01] Syncing eed_system...
2025/09/19 01:00:02 INFO  : There was nothing to transfer
2025/09/19 01:00:02 INFO  : 
Transferred:   	          0 B / 0 B, -, 0 B/s, ETA -
Checks:                 2 / 2, 100%, Listed 6
Elapsed time:         0.4s

[2025-09-19 01:00:02] Syncing ever_expanding_dataset_system_design.md...
2025/09/19 01:00:54 INFO  : 
Transferred:   	          0 B / 0 B, -, 0 B/s, ETA -
Elapsed time:         0.0s

[2025-09-19 01:00:54] Syncing eed_system_files.tar.gz...
2025/09/19 01:00:55 INFO  : 
Transferred:   	          0 B / 0 B, -, 0 B/s, ETA -
Elapsed time:         0.0s

[2025-09-19 01:00:55] Sync completed!
[2025-09-19 02:00:01] Starting sync to Google Drive...
[2025-09-19 02:00:01] Syncing eed_system...
2025/09/19 02:00:03 INFO  : There was nothing to transfer
2025/09/19 02:00:03 INFO  : 
Transferred:   	          0 B / 0 B, -, 0 B/s, ETA -
Checks:                 2 / 2, 100%, Listed 6
Elapsed time:         0.5s

[2025-09-19 02:00:03] Syncing ever_expanding_dataset_system_design.md...
2025/09/19 02:00:03 INFO  : 
Transferred:   	          0 B / 0 B, -, 0 B/s, ETA -
Elapsed time:         0.0s

[2025-09-19 02:00:03] Syncing eed_system_files.tar.gz...
2025/09/19 02:00:54 INFO  : 
Transferred:   	          0 B / 0 B, -, 0 B/s, ETA -
Elapsed time:         0.0s

[2025-09-19 02:00:54] Sync completed!
[2025-09-19 03:00:01] Starting sync to Google Drive...
[2025-09-19 03:00:01] Syncing eed_system...
2025/09/19 03:00:02 INFO  : There was nothing to transfer
2025/09/19 03:00:02 INFO  : 
Transferred:   	          0 B / 0 B, -, 0 B/s, ETA -
Checks:                 2 / 2, 100%, Listed 6
Elapsed time:         0.5s

[2025-09-19 03:00:02] Syncing ever_expanding_dataset_system_design.md...
2025/09/19 03:00:03 INFO  : 
Transferred:   	          0 B / 0 B, -, 0 B/s, ETA -
Elapsed time:         0.0s

[2025-09-19 03:00:03] Syncing eed_system_files.tar.gz...
2025/09/19 03:00:04 INFO  : 
Transferred:   	          0 B / 0 B, -, 0 B/s, ETA -
Elapsed time:         0.0s

[2025-09-19 03:00:04] Sync completed!
[2025-09-19 04:00:01] Starting sync to Google Drive...
[2025-09-19 04:00:01] Syncing eed_system...
2025/09/19 04:00:03 INFO  : There was nothing to transfer
2025/09/19 04:00:03 INFO  : 
Transferred:   	          0 B / 0 B, -, 0 B/s, ETA -
Checks:                 2 / 2, 100%, Listed 6
Elapsed time:         0.6s

[2025-09-19 04:00:03] Syncing ever_expanding_dataset_system_design.md...
2025/09/19 04:00:03 INFO  : 
Transferred:   	          0 B / 0 B, -, 0 B/s, ETA -
Elapsed time:         0.0s

[2025-09-19 04:00:03] Syncing eed_system_files.tar.gz...
2025/09/19 04:00:36 INFO  : 
Transferred:   	          0 B / 0 B, -, 0 B/s, ETA -
Elapsed time:         0.0s

[2025-09-19 04:00:36] Sync completed!
[2025-09-19 05:00:01] Starting sync to Google Drive...
[2025-09-19 05:00:01] Syncing eed_system...
2025/09/19 05:00:02 INFO  : There was nothing to transfer
2025/09/19 05:00:02 INFO  : 
Transferred:   	          0 B / 0 B, -, 0 B/s, ETA -
Checks:                 2 / 2, 100%, Listed 6
Elapsed time:         0.6s

[2025-09-19 05:00:02] Syncing ever_expanding_dataset_system_design.md...
2025/09/19 05:00:03 INFO  : 
Transferred:   	          0 B / 0 B, -, 0 B/s, ETA -
Elapsed time:         0.0s

[2025-09-19 05:00:03] Syncing eed_system_files.tar.gz...
2025/09/19 05:00:54 INFO  : 
Transferred:   	          0 B / 0 B, -, 0 B/s, ETA -
Elapsed time:         0.0s

[2025-09-19 05:00:54] Sync completed!
[2025-09-19 06:00:01] Starting sync to Google Drive...
[2025-09-19 06:00:01] Syncing eed_system...
2025/09/19 06:00:02 INFO  : There was nothing to transfer
2025/09/19 06:00:02 INFO  : 
Transferred:   	          0 B / 0 B, -, 0 B/s, ETA -
Checks:                 2 / 2, 100%, Listed 6
Elapsed time:         0.4s

[2025-09-19 06:00:02] Syncing ever_expanding_dataset_system_design.md...
2025/09/19 06:00:03 INFO  : 
Transferred:   	          0 B / 0 B, -, 0 B/s, ETA -
Elapsed time:         0.0s

[2025-09-19 06:00:03] Syncing eed_system_files.tar.gz...
2025/09/19 06:00:03 INFO  : 
Transferred:   	          0 B / 0 B, -, 0 B/s, ETA -
Elapsed time:         0.0s

[2025-09-19 06:00:03] Sync completed!
[2025-09-19 07:00:01] Starting sync to Google Drive...
[2025-09-19 07:00:01] Syncing eed_system...
2025/09/19 07:00:02 INFO  : There was nothing to transfer
2025/09/19 07:00:02 INFO  : 
Transferred:   	          0 B / 0 B, -, 0 B/s, ETA -
Checks:                 2 / 2, 100%, Listed 6
Elapsed time:         0.4s

[2025-09-19 07:00:02] Syncing ever_expanding_dataset_system_design.md...
2025/09/19 07:00:03 INFO  : 
Transferred:   	          0 B / 0 B, -, 0 B/s, ETA -
Elapsed time:         0.0s

[2025-09-19 07:00:03] Syncing eed_system_files.tar.gz...
2025/09/19 07:00:41 INFO  : 
Transferred:   	          0 B / 0 B, -, 0 B/s, ETA -
Elapsed time:         0.0s

[2025-09-19 07:00:41] Sync completed!
