2025-09-16 20:43:07,188 DEBUG    root            Loaded Command Group: ['gcloud', 'compute']
2025-09-16 20:43:07,225 DEBUG    root            Loaded Command Group: ['gcloud', 'compute', 'regions']
2025-09-16 20:43:07,246 DEBUG    root            Loaded Command Group: ['gcloud', 'compute', 'regions', 'list']
2025-09-16 20:43:07,250 DEBUG    root            Running [gcloud.compute.regions.list] with arguments: []
2025-09-16 20:43:07,258 DEBUG    google.auth.transport.requests Making request: GET http://metadata.google.internal/computeMetadata/v1/instance/service-accounts/50684168762-compute@developer.gserviceaccount.com/?recursive=true
2025-09-16 20:43:07,260 DEBUG    urllib3.connectionpool Starting new HTTP connection (1): metadata.google.internal:80
2025-09-16 20:43:07,260 DEBUG    urllib3.connectionpool http://metadata.google.internal:80 "GET /computeMetadata/v1/instance/service-accounts/50684168762-compute@developer.gserviceaccount.com/?recursive=true HTTP/1.1" 200 189
2025-09-16 20:43:07,261 DEBUG    google.auth.transport.requests Making request: GET http://metadata.google.internal/computeMetadata/v1/instance/service-accounts/50684168762-compute@developer.gserviceaccount.com/token
2025-09-16 20:43:07,262 DEBUG    urllib3.connectionpool http://metadata.google.internal:80 "GET /computeMetadata/v1/instance/service-accounts/50684168762-compute@developer.gserviceaccount.com/token HTTP/1.1" 200 871
2025-09-16 20:43:07,274 DEBUG    google.auth.transport.requests Making request: GET http://metadata.google.internal/computeMetadata/v1/instance/service-accounts/50684168762-compute@developer.gserviceaccount.com/?recursive=true
2025-09-16 20:43:07,275 DEBUG    urllib3.connectionpool Starting new HTTP connection (1): metadata.google.internal:80
2025-09-16 20:43:07,276 DEBUG    urllib3.connectionpool http://metadata.google.internal:80 "GET /computeMetadata/v1/instance/service-accounts/50684168762-compute@developer.gserviceaccount.com/?recursive=true HTTP/1.1" 200 189
2025-09-16 20:43:07,276 DEBUG    google.auth.transport.requests Making request: GET http://metadata.google.internal/computeMetadata/v1/instance/service-accounts/50684168762-compute@developer.gserviceaccount.com/token
2025-09-16 20:43:07,278 DEBUG    urllib3.connectionpool http://metadata.google.internal:80 "GET /computeMetadata/v1/instance/service-accounts/50684168762-compute@developer.gserviceaccount.com/token HTTP/1.1" 200 871
2025-09-16 20:43:07,581 INFO     root            Display format: "        table(
          name,
          quotas.metric.CPUS.quota():label=CPUS,
          quotas.metric.DISKS_TOTAL_GB.quota():label=DISKS_GB,
          quotas.metric.IN_USE_ADDRESSES.quota():label=ADDRESSES,
          quotas.metric.STATIC_ADDRESSES.quota():label=RESERVED_ADDRESSES,
          status():label=STATUS,
          deprecated.deleted:label=TURNDOWN_DATE
        )"
2025-09-16 20:43:07,583 DEBUG    urllib3.connectionpool Starting new HTTPS connection (1): compute.googleapis.com:443
2025-09-16 20:43:08,244 DEBUG    urllib3.connectionpool https://compute.googleapis.com:443 "POST /batch/compute/v1 HTTP/1.1" 200 None
2025-09-16 20:43:08,339 INFO     root            cache collection=compute.regions api_version=v1 params=['project', 'region']
2025-09-16 20:43:08,384 INFO     ___FILE_ONLY___ NAME
2025-09-16 20:43:08,385 INFO     ___FILE_ONLY___                      
2025-09-16 20:43:08,385 INFO     ___FILE_ONLY___ CPUS
2025-09-16 20:43:08,385 INFO     ___FILE_ONLY___    
2025-09-16 20:43:08,385 INFO     ___FILE_ONLY___ DISKS_GB
2025-09-16 20:43:08,385 INFO     ___FILE_ONLY___   
2025-09-16 20:43:08,385 INFO     ___FILE_ONLY___ ADDRESSES
2025-09-16 20:43:08,385 INFO     ___FILE_ONLY___   
2025-09-16 20:43:08,385 INFO     ___FILE_ONLY___ RESERVED_ADDRESSES
2025-09-16 20:43:08,385 INFO     ___FILE_ONLY___   
2025-09-16 20:43:08,385 INFO     ___FILE_ONLY___ STATUS
2025-09-16 20:43:08,385 INFO     ___FILE_ONLY___   
2025-09-16 20:43:08,385 INFO     ___FILE_ONLY___ TURNDOWN_DATE
2025-09-16 20:43:08,385 INFO     ___FILE_ONLY___ 

2025-09-16 20:43:08,385 INFO     ___FILE_ONLY___ africa-south1
2025-09-16 20:43:08,385 INFO     ___FILE_ONLY___             
2025-09-16 20:43:08,385 INFO     ___FILE_ONLY___ 0/72
2025-09-16 20:43:08,385 INFO     ___FILE_ONLY___    
2025-09-16 20:43:08,385 INFO     ___FILE_ONLY___ 0/4096
2025-09-16 20:43:08,385 INFO     ___FILE_ONLY___     
2025-09-16 20:43:08,385 INFO     ___FILE_ONLY___ 0/8
2025-09-16 20:43:08,385 INFO     ___FILE_ONLY___         
2025-09-16 20:43:08,386 INFO     ___FILE_ONLY___ 0/8
2025-09-16 20:43:08,386 INFO     ___FILE_ONLY___                  
2025-09-16 20:43:08,386 INFO     ___FILE_ONLY___ UP
2025-09-16 20:43:08,386 INFO     ___FILE_ONLY___ 

2025-09-16 20:43:08,386 INFO     ___FILE_ONLY___ asia-east1
2025-09-16 20:43:08,386 INFO     ___FILE_ONLY___                
2025-09-16 20:43:08,386 INFO     ___FILE_ONLY___ 0/100
2025-09-16 20:43:08,386 INFO     ___FILE_ONLY___   
2025-09-16 20:43:08,386 INFO     ___FILE_ONLY___ 0/4096
2025-09-16 20:43:08,386 INFO     ___FILE_ONLY___     
2025-09-16 20:43:08,386 INFO     ___FILE_ONLY___ 0/8
2025-09-16 20:43:08,386 INFO     ___FILE_ONLY___         
2025-09-16 20:43:08,386 INFO     ___FILE_ONLY___ 0/8
2025-09-16 20:43:08,386 INFO     ___FILE_ONLY___                  
2025-09-16 20:43:08,386 INFO     ___FILE_ONLY___ UP
2025-09-16 20:43:08,386 INFO     ___FILE_ONLY___ 

2025-09-16 20:43:08,386 INFO     ___FILE_ONLY___ asia-east2
2025-09-16 20:43:08,386 INFO     ___FILE_ONLY___                
2025-09-16 20:43:08,386 INFO     ___FILE_ONLY___ 0/100
2025-09-16 20:43:08,386 INFO     ___FILE_ONLY___   
2025-09-16 20:43:08,386 INFO     ___FILE_ONLY___ 0/4096
2025-09-16 20:43:08,386 INFO     ___FILE_ONLY___     
2025-09-16 20:43:08,386 INFO     ___FILE_ONLY___ 0/8
2025-09-16 20:43:08,387 INFO     ___FILE_ONLY___         
2025-09-16 20:43:08,387 INFO     ___FILE_ONLY___ 0/8
2025-09-16 20:43:08,387 INFO     ___FILE_ONLY___                  
2025-09-16 20:43:08,387 INFO     ___FILE_ONLY___ UP
2025-09-16 20:43:08,387 INFO     ___FILE_ONLY___ 

2025-09-16 20:43:08,387 INFO     ___FILE_ONLY___ asia-northeast1
2025-09-16 20:43:08,387 INFO     ___FILE_ONLY___           
2025-09-16 20:43:08,387 INFO     ___FILE_ONLY___ 0/100
2025-09-16 20:43:08,387 INFO     ___FILE_ONLY___   
2025-09-16 20:43:08,387 INFO     ___FILE_ONLY___ 0/4096
2025-09-16 20:43:08,387 INFO     ___FILE_ONLY___     
2025-09-16 20:43:08,387 INFO     ___FILE_ONLY___ 0/8
2025-09-16 20:43:08,387 INFO     ___FILE_ONLY___         
2025-09-16 20:43:08,387 INFO     ___FILE_ONLY___ 0/8
2025-09-16 20:43:08,387 INFO     ___FILE_ONLY___                  
2025-09-16 20:43:08,387 INFO     ___FILE_ONLY___ UP
2025-09-16 20:43:08,387 INFO     ___FILE_ONLY___ 

2025-09-16 20:43:08,387 INFO     ___FILE_ONLY___ asia-northeast2
2025-09-16 20:43:08,387 INFO     ___FILE_ONLY___           
2025-09-16 20:43:08,387 INFO     ___FILE_ONLY___ 0/100
2025-09-16 20:43:08,387 INFO     ___FILE_ONLY___   
2025-09-16 20:43:08,387 INFO     ___FILE_ONLY___ 0/4096
2025-09-16 20:43:08,387 INFO     ___FILE_ONLY___     
2025-09-16 20:43:08,387 INFO     ___FILE_ONLY___ 0/8
2025-09-16 20:43:08,388 INFO     ___FILE_ONLY___         
2025-09-16 20:43:08,388 INFO     ___FILE_ONLY___ 0/8
2025-09-16 20:43:08,388 INFO     ___FILE_ONLY___                  
2025-09-16 20:43:08,388 INFO     ___FILE_ONLY___ UP
2025-09-16 20:43:08,388 INFO     ___FILE_ONLY___ 

2025-09-16 20:43:08,388 INFO     ___FILE_ONLY___ asia-northeast3
2025-09-16 20:43:08,388 INFO     ___FILE_ONLY___           
2025-09-16 20:43:08,388 INFO     ___FILE_ONLY___ 0/100
2025-09-16 20:43:08,388 INFO     ___FILE_ONLY___   
2025-09-16 20:43:08,388 INFO     ___FILE_ONLY___ 0/4096
2025-09-16 20:43:08,388 INFO     ___FILE_ONLY___     
2025-09-16 20:43:08,388 INFO     ___FILE_ONLY___ 0/8
2025-09-16 20:43:08,388 INFO     ___FILE_ONLY___         
2025-09-16 20:43:08,388 INFO     ___FILE_ONLY___ 0/8
2025-09-16 20:43:08,388 INFO     ___FILE_ONLY___                  
2025-09-16 20:43:08,388 INFO     ___FILE_ONLY___ UP
2025-09-16 20:43:08,388 INFO     ___FILE_ONLY___ 

2025-09-16 20:43:08,388 INFO     ___FILE_ONLY___ asia-south1
2025-09-16 20:43:08,388 INFO     ___FILE_ONLY___               
2025-09-16 20:43:08,388 INFO     ___FILE_ONLY___ 0/100
2025-09-16 20:43:08,388 INFO     ___FILE_ONLY___   
2025-09-16 20:43:08,388 INFO     ___FILE_ONLY___ 0/4096
2025-09-16 20:43:08,388 INFO     ___FILE_ONLY___     
2025-09-16 20:43:08,388 INFO     ___FILE_ONLY___ 0/8
2025-09-16 20:43:08,389 INFO     ___FILE_ONLY___         
2025-09-16 20:43:08,389 INFO     ___FILE_ONLY___ 0/8
2025-09-16 20:43:08,389 INFO     ___FILE_ONLY___                  
2025-09-16 20:43:08,389 INFO     ___FILE_ONLY___ UP
2025-09-16 20:43:08,389 INFO     ___FILE_ONLY___ 

2025-09-16 20:43:08,389 INFO     ___FILE_ONLY___ asia-south2
2025-09-16 20:43:08,389 INFO     ___FILE_ONLY___               
2025-09-16 20:43:08,389 INFO     ___FILE_ONLY___ 0/100
2025-09-16 20:43:08,389 INFO     ___FILE_ONLY___   
2025-09-16 20:43:08,389 INFO     ___FILE_ONLY___ 0/4096
2025-09-16 20:43:08,389 INFO     ___FILE_ONLY___     
2025-09-16 20:43:08,389 INFO     ___FILE_ONLY___ 0/8
2025-09-16 20:43:08,389 INFO     ___FILE_ONLY___         
2025-09-16 20:43:08,389 INFO     ___FILE_ONLY___ 0/8
2025-09-16 20:43:08,389 INFO     ___FILE_ONLY___                  
2025-09-16 20:43:08,389 INFO     ___FILE_ONLY___ UP
2025-09-16 20:43:08,389 INFO     ___FILE_ONLY___ 

2025-09-16 20:43:08,389 INFO     ___FILE_ONLY___ asia-southeast1
2025-09-16 20:43:08,389 INFO     ___FILE_ONLY___           
2025-09-16 20:43:08,389 INFO     ___FILE_ONLY___ 0/100
2025-09-16 20:43:08,389 INFO     ___FILE_ONLY___   
2025-09-16 20:43:08,389 INFO     ___FILE_ONLY___ 0/4096
2025-09-16 20:43:08,389 INFO     ___FILE_ONLY___     
2025-09-16 20:43:08,389 INFO     ___FILE_ONLY___ 0/8
2025-09-16 20:43:08,390 INFO     ___FILE_ONLY___         
2025-09-16 20:43:08,390 INFO     ___FILE_ONLY___ 0/8
2025-09-16 20:43:08,390 INFO     ___FILE_ONLY___                  
2025-09-16 20:43:08,390 INFO     ___FILE_ONLY___ UP
2025-09-16 20:43:08,390 INFO     ___FILE_ONLY___ 

2025-09-16 20:43:08,390 INFO     ___FILE_ONLY___ asia-southeast2
2025-09-16 20:43:08,390 INFO     ___FILE_ONLY___           
2025-09-16 20:43:08,390 INFO     ___FILE_ONLY___ 0/100
2025-09-16 20:43:08,390 INFO     ___FILE_ONLY___   
2025-09-16 20:43:08,390 INFO     ___FILE_ONLY___ 0/4096
2025-09-16 20:43:08,390 INFO     ___FILE_ONLY___     
2025-09-16 20:43:08,390 INFO     ___FILE_ONLY___ 0/8
2025-09-16 20:43:08,390 INFO     ___FILE_ONLY___         
2025-09-16 20:43:08,390 INFO     ___FILE_ONLY___ 0/8
2025-09-16 20:43:08,390 INFO     ___FILE_ONLY___                  
2025-09-16 20:43:08,390 INFO     ___FILE_ONLY___ UP
2025-09-16 20:43:08,390 INFO     ___FILE_ONLY___ 

2025-09-16 20:43:08,390 INFO     ___FILE_ONLY___ australia-southeast1
2025-09-16 20:43:08,390 INFO     ___FILE_ONLY___      
2025-09-16 20:43:08,390 INFO     ___FILE_ONLY___ 0/100
2025-09-16 20:43:08,390 INFO     ___FILE_ONLY___   
2025-09-16 20:43:08,390 INFO     ___FILE_ONLY___ 0/4096
2025-09-16 20:43:08,390 INFO     ___FILE_ONLY___     
2025-09-16 20:43:08,390 INFO     ___FILE_ONLY___ 0/8
2025-09-16 20:43:08,391 INFO     ___FILE_ONLY___         
2025-09-16 20:43:08,391 INFO     ___FILE_ONLY___ 0/8
2025-09-16 20:43:08,391 INFO     ___FILE_ONLY___                  
2025-09-16 20:43:08,391 INFO     ___FILE_ONLY___ UP
2025-09-16 20:43:08,391 INFO     ___FILE_ONLY___ 

2025-09-16 20:43:08,391 INFO     ___FILE_ONLY___ australia-southeast2
2025-09-16 20:43:08,391 INFO     ___FILE_ONLY___      
2025-09-16 20:43:08,391 INFO     ___FILE_ONLY___ 0/100
2025-09-16 20:43:08,391 INFO     ___FILE_ONLY___   
2025-09-16 20:43:08,391 INFO     ___FILE_ONLY___ 0/4096
2025-09-16 20:43:08,391 INFO     ___FILE_ONLY___     
2025-09-16 20:43:08,391 INFO     ___FILE_ONLY___ 0/8
2025-09-16 20:43:08,391 INFO     ___FILE_ONLY___         
2025-09-16 20:43:08,391 INFO     ___FILE_ONLY___ 0/8
2025-09-16 20:43:08,391 INFO     ___FILE_ONLY___                  
2025-09-16 20:43:08,391 INFO     ___FILE_ONLY___ UP
2025-09-16 20:43:08,391 INFO     ___FILE_ONLY___ 

2025-09-16 20:43:08,391 INFO     ___FILE_ONLY___ europe-central2
2025-09-16 20:43:08,391 INFO     ___FILE_ONLY___           
2025-09-16 20:43:08,391 INFO     ___FILE_ONLY___ 0/100
2025-09-16 20:43:08,391 INFO     ___FILE_ONLY___   
2025-09-16 20:43:08,391 INFO     ___FILE_ONLY___ 0/4096
2025-09-16 20:43:08,391 INFO     ___FILE_ONLY___     
2025-09-16 20:43:08,391 INFO     ___FILE_ONLY___ 0/8
2025-09-16 20:43:08,392 INFO     ___FILE_ONLY___         
2025-09-16 20:43:08,392 INFO     ___FILE_ONLY___ 0/8
2025-09-16 20:43:08,392 INFO     ___FILE_ONLY___                  
2025-09-16 20:43:08,392 INFO     ___FILE_ONLY___ UP
2025-09-16 20:43:08,392 INFO     ___FILE_ONLY___ 

2025-09-16 20:43:08,392 INFO     ___FILE_ONLY___ europe-north1
2025-09-16 20:43:08,392 INFO     ___FILE_ONLY___             
2025-09-16 20:43:08,392 INFO     ___FILE_ONLY___ 0/200
2025-09-16 20:43:08,392 INFO     ___FILE_ONLY___   
2025-09-16 20:43:08,392 INFO     ___FILE_ONLY___ 0/4096
2025-09-16 20:43:08,392 INFO     ___FILE_ONLY___     
2025-09-16 20:43:08,392 INFO     ___FILE_ONLY___ 0/8
2025-09-16 20:43:08,392 INFO     ___FILE_ONLY___         
2025-09-16 20:43:08,392 INFO     ___FILE_ONLY___ 0/8
2025-09-16 20:43:08,392 INFO     ___FILE_ONLY___                  
2025-09-16 20:43:08,392 INFO     ___FILE_ONLY___ UP
2025-09-16 20:43:08,392 INFO     ___FILE_ONLY___ 

2025-09-16 20:43:08,392 INFO     ___FILE_ONLY___ europe-north2
2025-09-16 20:43:08,392 INFO     ___FILE_ONLY___             
2025-09-16 20:43:08,392 INFO     ___FILE_ONLY___ 0/72
2025-09-16 20:43:08,392 INFO     ___FILE_ONLY___    
2025-09-16 20:43:08,392 INFO     ___FILE_ONLY___ 0/4096
2025-09-16 20:43:08,392 INFO     ___FILE_ONLY___     
2025-09-16 20:43:08,392 INFO     ___FILE_ONLY___ 0/8
2025-09-16 20:43:08,393 INFO     ___FILE_ONLY___         
2025-09-16 20:43:08,393 INFO     ___FILE_ONLY___ 0/8
2025-09-16 20:43:08,393 INFO     ___FILE_ONLY___                  
2025-09-16 20:43:08,393 INFO     ___FILE_ONLY___ UP
2025-09-16 20:43:08,393 INFO     ___FILE_ONLY___ 

2025-09-16 20:43:08,393 INFO     ___FILE_ONLY___ europe-southwest1
2025-09-16 20:43:08,393 INFO     ___FILE_ONLY___         
2025-09-16 20:43:08,393 INFO     ___FILE_ONLY___ 0/100
2025-09-16 20:43:08,393 INFO     ___FILE_ONLY___   
2025-09-16 20:43:08,393 INFO     ___FILE_ONLY___ 0/4096
2025-09-16 20:43:08,393 INFO     ___FILE_ONLY___     
2025-09-16 20:43:08,393 INFO     ___FILE_ONLY___ 0/8
2025-09-16 20:43:08,393 INFO     ___FILE_ONLY___         
2025-09-16 20:43:08,393 INFO     ___FILE_ONLY___ 0/8
2025-09-16 20:43:08,393 INFO     ___FILE_ONLY___                  
2025-09-16 20:43:08,393 INFO     ___FILE_ONLY___ UP
2025-09-16 20:43:08,393 INFO     ___FILE_ONLY___ 

2025-09-16 20:43:08,393 INFO     ___FILE_ONLY___ europe-west1
2025-09-16 20:43:08,393 INFO     ___FILE_ONLY___              
2025-09-16 20:43:08,393 INFO     ___FILE_ONLY___ 0/200
2025-09-16 20:43:08,393 INFO     ___FILE_ONLY___   
2025-09-16 20:43:08,393 INFO     ___FILE_ONLY___ 0/4096
2025-09-16 20:43:08,393 INFO     ___FILE_ONLY___     
2025-09-16 20:43:08,394 INFO     ___FILE_ONLY___ 0/8
2025-09-16 20:43:08,394 INFO     ___FILE_ONLY___         
2025-09-16 20:43:08,394 INFO     ___FILE_ONLY___ 0/8
2025-09-16 20:43:08,394 INFO     ___FILE_ONLY___                  
2025-09-16 20:43:08,394 INFO     ___FILE_ONLY___ UP
2025-09-16 20:43:08,394 INFO     ___FILE_ONLY___ 

2025-09-16 20:43:08,394 INFO     ___FILE_ONLY___ europe-west10
2025-09-16 20:43:08,394 INFO     ___FILE_ONLY___             
2025-09-16 20:43:08,394 INFO     ___FILE_ONLY___ 0/100
2025-09-16 20:43:08,394 INFO     ___FILE_ONLY___   
2025-09-16 20:43:08,394 INFO     ___FILE_ONLY___ 0/4096
2025-09-16 20:43:08,394 INFO     ___FILE_ONLY___     
2025-09-16 20:43:08,394 INFO     ___FILE_ONLY___ 0/8
2025-09-16 20:43:08,394 INFO     ___FILE_ONLY___         
2025-09-16 20:43:08,394 INFO     ___FILE_ONLY___ 0/8
2025-09-16 20:43:08,394 INFO     ___FILE_ONLY___                  
2025-09-16 20:43:08,394 INFO     ___FILE_ONLY___ UP
2025-09-16 20:43:08,394 INFO     ___FILE_ONLY___ 

2025-09-16 20:43:08,394 INFO     ___FILE_ONLY___ europe-west12
2025-09-16 20:43:08,394 INFO     ___FILE_ONLY___             
2025-09-16 20:43:08,394 INFO     ___FILE_ONLY___ 0/100
2025-09-16 20:43:08,394 INFO     ___FILE_ONLY___   
2025-09-16 20:43:08,394 INFO     ___FILE_ONLY___ 0/4096
2025-09-16 20:43:08,394 INFO     ___FILE_ONLY___     
2025-09-16 20:43:08,394 INFO     ___FILE_ONLY___ 0/8
2025-09-16 20:43:08,395 INFO     ___FILE_ONLY___         
2025-09-16 20:43:08,395 INFO     ___FILE_ONLY___ 0/8
2025-09-16 20:43:08,395 INFO     ___FILE_ONLY___                  
2025-09-16 20:43:08,395 INFO     ___FILE_ONLY___ UP
2025-09-16 20:43:08,395 INFO     ___FILE_ONLY___ 

2025-09-16 20:43:08,395 INFO     ___FILE_ONLY___ europe-west2
2025-09-16 20:43:08,395 INFO     ___FILE_ONLY___              
2025-09-16 20:43:08,395 INFO     ___FILE_ONLY___ 0/200
2025-09-16 20:43:08,395 INFO     ___FILE_ONLY___   
2025-09-16 20:43:08,395 INFO     ___FILE_ONLY___ 0/4096
2025-09-16 20:43:08,395 INFO     ___FILE_ONLY___     
2025-09-16 20:43:08,395 INFO     ___FILE_ONLY___ 0/8
2025-09-16 20:43:08,395 INFO     ___FILE_ONLY___         
2025-09-16 20:43:08,395 INFO     ___FILE_ONLY___ 0/8
2025-09-16 20:43:08,395 INFO     ___FILE_ONLY___                  
2025-09-16 20:43:08,395 INFO     ___FILE_ONLY___ UP
2025-09-16 20:43:08,395 INFO     ___FILE_ONLY___ 

2025-09-16 20:43:08,395 INFO     ___FILE_ONLY___ europe-west3
2025-09-16 20:43:08,395 INFO     ___FILE_ONLY___              
2025-09-16 20:43:08,395 INFO     ___FILE_ONLY___ 0/200
2025-09-16 20:43:08,395 INFO     ___FILE_ONLY___   
2025-09-16 20:43:08,395 INFO     ___FILE_ONLY___ 0/4096
2025-09-16 20:43:08,395 INFO     ___FILE_ONLY___     
2025-09-16 20:43:08,395 INFO     ___FILE_ONLY___ 0/8
2025-09-16 20:43:08,396 INFO     ___FILE_ONLY___         
2025-09-16 20:43:08,396 INFO     ___FILE_ONLY___ 0/8
2025-09-16 20:43:08,396 INFO     ___FILE_ONLY___                  
2025-09-16 20:43:08,396 INFO     ___FILE_ONLY___ UP
2025-09-16 20:43:08,396 INFO     ___FILE_ONLY___ 

2025-09-16 20:43:08,396 INFO     ___FILE_ONLY___ europe-west4
2025-09-16 20:43:08,396 INFO     ___FILE_ONLY___              
2025-09-16 20:43:08,396 INFO     ___FILE_ONLY___ 0/200
2025-09-16 20:43:08,396 INFO     ___FILE_ONLY___   
2025-09-16 20:43:08,396 INFO     ___FILE_ONLY___ 0/4096
2025-09-16 20:43:08,396 INFO     ___FILE_ONLY___     
2025-09-16 20:43:08,396 INFO     ___FILE_ONLY___ 0/8
2025-09-16 20:43:08,396 INFO     ___FILE_ONLY___         
2025-09-16 20:43:08,396 INFO     ___FILE_ONLY___ 0/8
2025-09-16 20:43:08,396 INFO     ___FILE_ONLY___                  
2025-09-16 20:43:08,396 INFO     ___FILE_ONLY___ UP
2025-09-16 20:43:08,396 INFO     ___FILE_ONLY___ 

2025-09-16 20:43:08,396 INFO     ___FILE_ONLY___ europe-west6
2025-09-16 20:43:08,396 INFO     ___FILE_ONLY___              
2025-09-16 20:43:08,396 INFO     ___FILE_ONLY___ 0/100
2025-09-16 20:43:08,396 INFO     ___FILE_ONLY___   
2025-09-16 20:43:08,396 INFO     ___FILE_ONLY___ 0/4096
2025-09-16 20:43:08,396 INFO     ___FILE_ONLY___     
2025-09-16 20:43:08,396 INFO     ___FILE_ONLY___ 0/8
2025-09-16 20:43:08,396 INFO     ___FILE_ONLY___         
2025-09-16 20:43:08,397 INFO     ___FILE_ONLY___ 0/8
2025-09-16 20:43:08,397 INFO     ___FILE_ONLY___                  
2025-09-16 20:43:08,397 INFO     ___FILE_ONLY___ UP
2025-09-16 20:43:08,397 INFO     ___FILE_ONLY___ 

2025-09-16 20:43:08,397 INFO     ___FILE_ONLY___ europe-west8
2025-09-16 20:43:08,397 INFO     ___FILE_ONLY___              
2025-09-16 20:43:08,397 INFO     ___FILE_ONLY___ 0/100
2025-09-16 20:43:08,397 INFO     ___FILE_ONLY___   
2025-09-16 20:43:08,397 INFO     ___FILE_ONLY___ 0/4096
2025-09-16 20:43:08,397 INFO     ___FILE_ONLY___     
2025-09-16 20:43:08,397 INFO     ___FILE_ONLY___ 0/8
2025-09-16 20:43:08,397 INFO     ___FILE_ONLY___         
2025-09-16 20:43:08,397 INFO     ___FILE_ONLY___ 0/8
2025-09-16 20:43:08,397 INFO     ___FILE_ONLY___                  
2025-09-16 20:43:08,397 INFO     ___FILE_ONLY___ UP
2025-09-16 20:43:08,397 INFO     ___FILE_ONLY___ 

2025-09-16 20:43:08,397 INFO     ___FILE_ONLY___ europe-west9
2025-09-16 20:43:08,397 INFO     ___FILE_ONLY___              
2025-09-16 20:43:08,397 INFO     ___FILE_ONLY___ 0/100
2025-09-16 20:43:08,397 INFO     ___FILE_ONLY___   
2025-09-16 20:43:08,397 INFO     ___FILE_ONLY___ 0/4096
2025-09-16 20:43:08,397 INFO     ___FILE_ONLY___     
2025-09-16 20:43:08,397 INFO     ___FILE_ONLY___ 0/8
2025-09-16 20:43:08,398 INFO     ___FILE_ONLY___         
2025-09-16 20:43:08,398 INFO     ___FILE_ONLY___ 0/8
2025-09-16 20:43:08,398 INFO     ___FILE_ONLY___                  
2025-09-16 20:43:08,398 INFO     ___FILE_ONLY___ UP
2025-09-16 20:43:08,398 INFO     ___FILE_ONLY___ 

2025-09-16 20:43:08,398 INFO     ___FILE_ONLY___ me-central1
2025-09-16 20:43:08,398 INFO     ___FILE_ONLY___               
2025-09-16 20:43:08,398 INFO     ___FILE_ONLY___ 0/100
2025-09-16 20:43:08,398 INFO     ___FILE_ONLY___   
2025-09-16 20:43:08,398 INFO     ___FILE_ONLY___ 0/4096
2025-09-16 20:43:08,398 INFO     ___FILE_ONLY___     
2025-09-16 20:43:08,398 INFO     ___FILE_ONLY___ 0/8
2025-09-16 20:43:08,398 INFO     ___FILE_ONLY___         
2025-09-16 20:43:08,398 INFO     ___FILE_ONLY___ 0/8
2025-09-16 20:43:08,398 INFO     ___FILE_ONLY___                  
2025-09-16 20:43:08,398 INFO     ___FILE_ONLY___ UP
2025-09-16 20:43:08,398 INFO     ___FILE_ONLY___ 

2025-09-16 20:43:08,398 INFO     ___FILE_ONLY___ me-central2
2025-09-16 20:43:08,398 INFO     ___FILE_ONLY___               
2025-09-16 20:43:08,398 INFO     ___FILE_ONLY___ 0/72
2025-09-16 20:43:08,398 INFO     ___FILE_ONLY___    
2025-09-16 20:43:08,398 INFO     ___FILE_ONLY___ 0/4096
2025-09-16 20:43:08,398 INFO     ___FILE_ONLY___     
2025-09-16 20:43:08,398 INFO     ___FILE_ONLY___ 0/8
2025-09-16 20:43:08,399 INFO     ___FILE_ONLY___         
2025-09-16 20:43:08,399 INFO     ___FILE_ONLY___ 0/8
2025-09-16 20:43:08,399 INFO     ___FILE_ONLY___                  
2025-09-16 20:43:08,399 INFO     ___FILE_ONLY___ UP
2025-09-16 20:43:08,399 INFO     ___FILE_ONLY___ 

2025-09-16 20:43:08,399 INFO     ___FILE_ONLY___ me-west1
2025-09-16 20:43:08,399 INFO     ___FILE_ONLY___                  
2025-09-16 20:43:08,399 INFO     ___FILE_ONLY___ 0/100
2025-09-16 20:43:08,399 INFO     ___FILE_ONLY___   
2025-09-16 20:43:08,399 INFO     ___FILE_ONLY___ 0/4096
2025-09-16 20:43:08,399 INFO     ___FILE_ONLY___     
2025-09-16 20:43:08,399 INFO     ___FILE_ONLY___ 0/8
2025-09-16 20:43:08,399 INFO     ___FILE_ONLY___         
2025-09-16 20:43:08,399 INFO     ___FILE_ONLY___ 0/8
2025-09-16 20:43:08,399 INFO     ___FILE_ONLY___                  
2025-09-16 20:43:08,399 INFO     ___FILE_ONLY___ UP
2025-09-16 20:43:08,399 INFO     ___FILE_ONLY___ 

2025-09-16 20:43:08,399 INFO     ___FILE_ONLY___ northamerica-northeast1
2025-09-16 20:43:08,399 INFO     ___FILE_ONLY___   
2025-09-16 20:43:08,399 INFO     ___FILE_ONLY___ 0/200
2025-09-16 20:43:08,399 INFO     ___FILE_ONLY___   
2025-09-16 20:43:08,399 INFO     ___FILE_ONLY___ 0/4096
2025-09-16 20:43:08,399 INFO     ___FILE_ONLY___     
2025-09-16 20:43:08,399 INFO     ___FILE_ONLY___ 0/8
2025-09-16 20:43:08,399 INFO     ___FILE_ONLY___         
2025-09-16 20:43:08,400 INFO     ___FILE_ONLY___ 0/8
2025-09-16 20:43:08,400 INFO     ___FILE_ONLY___                  
2025-09-16 20:43:08,400 INFO     ___FILE_ONLY___ UP
2025-09-16 20:43:08,400 INFO     ___FILE_ONLY___ 

2025-09-16 20:43:08,400 INFO     ___FILE_ONLY___ northamerica-northeast2
2025-09-16 20:43:08,400 INFO     ___FILE_ONLY___   
2025-09-16 20:43:08,400 INFO     ___FILE_ONLY___ 0/100
2025-09-16 20:43:08,400 INFO     ___FILE_ONLY___   
2025-09-16 20:43:08,400 INFO     ___FILE_ONLY___ 0/4096
2025-09-16 20:43:08,400 INFO     ___FILE_ONLY___     
2025-09-16 20:43:08,400 INFO     ___FILE_ONLY___ 0/8
2025-09-16 20:43:08,400 INFO     ___FILE_ONLY___         
2025-09-16 20:43:08,400 INFO     ___FILE_ONLY___ 0/8
2025-09-16 20:43:08,400 INFO     ___FILE_ONLY___                  
2025-09-16 20:43:08,400 INFO     ___FILE_ONLY___ UP
2025-09-16 20:43:08,400 INFO     ___FILE_ONLY___ 

2025-09-16 20:43:08,400 INFO     ___FILE_ONLY___ northamerica-south1
2025-09-16 20:43:08,400 INFO     ___FILE_ONLY___       
2025-09-16 20:43:08,400 INFO     ___FILE_ONLY___ 0/72
2025-09-16 20:43:08,400 INFO     ___FILE_ONLY___    
2025-09-16 20:43:08,400 INFO     ___FILE_ONLY___ 0/4096
2025-09-16 20:43:08,400 INFO     ___FILE_ONLY___     
2025-09-16 20:43:08,400 INFO     ___FILE_ONLY___ 0/8
2025-09-16 20:43:08,400 INFO     ___FILE_ONLY___         
2025-09-16 20:43:08,400 INFO     ___FILE_ONLY___ 0/8
2025-09-16 20:43:08,401 INFO     ___FILE_ONLY___                  
2025-09-16 20:43:08,401 INFO     ___FILE_ONLY___ UP
2025-09-16 20:43:08,401 INFO     ___FILE_ONLY___ 

2025-09-16 20:43:08,401 INFO     ___FILE_ONLY___ southamerica-east1
2025-09-16 20:43:08,401 INFO     ___FILE_ONLY___        
2025-09-16 20:43:08,401 INFO     ___FILE_ONLY___ 0/200
2025-09-16 20:43:08,401 INFO     ___FILE_ONLY___   
2025-09-16 20:43:08,401 INFO     ___FILE_ONLY___ 0/4096
2025-09-16 20:43:08,401 INFO     ___FILE_ONLY___     
2025-09-16 20:43:08,401 INFO     ___FILE_ONLY___ 0/8
2025-09-16 20:43:08,401 INFO     ___FILE_ONLY___         
2025-09-16 20:43:08,401 INFO     ___FILE_ONLY___ 0/8
2025-09-16 20:43:08,401 INFO     ___FILE_ONLY___                  
2025-09-16 20:43:08,401 INFO     ___FILE_ONLY___ UP
2025-09-16 20:43:08,401 INFO     ___FILE_ONLY___ 

2025-09-16 20:43:08,401 INFO     ___FILE_ONLY___ southamerica-west1
2025-09-16 20:43:08,401 INFO     ___FILE_ONLY___        
2025-09-16 20:43:08,401 INFO     ___FILE_ONLY___ 0/200
2025-09-16 20:43:08,401 INFO     ___FILE_ONLY___   
2025-09-16 20:43:08,401 INFO     ___FILE_ONLY___ 0/4096
2025-09-16 20:43:08,401 INFO     ___FILE_ONLY___     
2025-09-16 20:43:08,401 INFO     ___FILE_ONLY___ 0/8
2025-09-16 20:43:08,401 INFO     ___FILE_ONLY___         
2025-09-16 20:43:08,401 INFO     ___FILE_ONLY___ 0/8
2025-09-16 20:43:08,402 INFO     ___FILE_ONLY___                  
2025-09-16 20:43:08,402 INFO     ___FILE_ONLY___ UP
2025-09-16 20:43:08,402 INFO     ___FILE_ONLY___ 

2025-09-16 20:43:08,402 INFO     ___FILE_ONLY___ us-central1
2025-09-16 20:43:08,402 INFO     ___FILE_ONLY___               
2025-09-16 20:43:08,402 INFO     ___FILE_ONLY___ 0/200
2025-09-16 20:43:08,402 INFO     ___FILE_ONLY___   
2025-09-16 20:43:08,402 INFO     ___FILE_ONLY___ 0/4096
2025-09-16 20:43:08,402 INFO     ___FILE_ONLY___     
2025-09-16 20:43:08,402 INFO     ___FILE_ONLY___ 0/8
2025-09-16 20:43:08,402 INFO     ___FILE_ONLY___         
2025-09-16 20:43:08,402 INFO     ___FILE_ONLY___ 0/8
2025-09-16 20:43:08,402 INFO     ___FILE_ONLY___                  
2025-09-16 20:43:08,402 INFO     ___FILE_ONLY___ UP
2025-09-16 20:43:08,402 INFO     ___FILE_ONLY___ 

2025-09-16 20:43:08,402 INFO     ___FILE_ONLY___ us-central2
2025-09-16 20:43:08,402 INFO     ___FILE_ONLY___               
2025-09-16 20:43:08,402 INFO     ___FILE_ONLY___ 0/200
2025-09-16 20:43:08,402 INFO     ___FILE_ONLY___   
2025-09-16 20:43:08,402 INFO     ___FILE_ONLY___ 100/4096
2025-09-16 20:43:08,402 INFO     ___FILE_ONLY___   
2025-09-16 20:43:08,402 INFO     ___FILE_ONLY___ 1/8
2025-09-16 20:43:08,402 INFO     ___FILE_ONLY___         
2025-09-16 20:43:08,402 INFO     ___FILE_ONLY___ 0/8
2025-09-16 20:43:08,403 INFO     ___FILE_ONLY___                  
2025-09-16 20:43:08,403 INFO     ___FILE_ONLY___ UP
2025-09-16 20:43:08,403 INFO     ___FILE_ONLY___ 

2025-09-16 20:43:08,403 INFO     ___FILE_ONLY___ us-east1
2025-09-16 20:43:08,403 INFO     ___FILE_ONLY___                  
2025-09-16 20:43:08,403 INFO     ___FILE_ONLY___ 0/200
2025-09-16 20:43:08,403 INFO     ___FILE_ONLY___   
2025-09-16 20:43:08,403 INFO     ___FILE_ONLY___ 0/4096
2025-09-16 20:43:08,403 INFO     ___FILE_ONLY___     
2025-09-16 20:43:08,403 INFO     ___FILE_ONLY___ 0/8
2025-09-16 20:43:08,403 INFO     ___FILE_ONLY___         
2025-09-16 20:43:08,403 INFO     ___FILE_ONLY___ 0/8
2025-09-16 20:43:08,403 INFO     ___FILE_ONLY___                  
2025-09-16 20:43:08,403 INFO     ___FILE_ONLY___ UP
2025-09-16 20:43:08,403 INFO     ___FILE_ONLY___ 

2025-09-16 20:43:08,403 INFO     ___FILE_ONLY___ us-east4
2025-09-16 20:43:08,403 INFO     ___FILE_ONLY___                  
2025-09-16 20:43:08,403 INFO     ___FILE_ONLY___ 0/200
2025-09-16 20:43:08,403 INFO     ___FILE_ONLY___   
2025-09-16 20:43:08,403 INFO     ___FILE_ONLY___ 0/4096
2025-09-16 20:43:08,403 INFO     ___FILE_ONLY___     
2025-09-16 20:43:08,403 INFO     ___FILE_ONLY___ 0/8
2025-09-16 20:43:08,403 INFO     ___FILE_ONLY___         
2025-09-16 20:43:08,403 INFO     ___FILE_ONLY___ 0/8
2025-09-16 20:43:08,404 INFO     ___FILE_ONLY___                  
2025-09-16 20:43:08,404 INFO     ___FILE_ONLY___ UP
2025-09-16 20:43:08,404 INFO     ___FILE_ONLY___ 

2025-09-16 20:43:08,404 INFO     ___FILE_ONLY___ us-east5
2025-09-16 20:43:08,404 INFO     ___FILE_ONLY___                  
2025-09-16 20:43:08,404 INFO     ___FILE_ONLY___ 0/100
2025-09-16 20:43:08,404 INFO     ___FILE_ONLY___   
2025-09-16 20:43:08,404 INFO     ___FILE_ONLY___ 0/4096
2025-09-16 20:43:08,404 INFO     ___FILE_ONLY___     
2025-09-16 20:43:08,404 INFO     ___FILE_ONLY___ 0/8
2025-09-16 20:43:08,404 INFO     ___FILE_ONLY___         
2025-09-16 20:43:08,404 INFO     ___FILE_ONLY___ 0/8
2025-09-16 20:43:08,404 INFO     ___FILE_ONLY___                  
2025-09-16 20:43:08,404 INFO     ___FILE_ONLY___ UP
2025-09-16 20:43:08,404 INFO     ___FILE_ONLY___ 

2025-09-16 20:43:08,404 INFO     ___FILE_ONLY___ us-south1
2025-09-16 20:43:08,404 INFO     ___FILE_ONLY___                 
2025-09-16 20:43:08,404 INFO     ___FILE_ONLY___ 0/100
2025-09-16 20:43:08,404 INFO     ___FILE_ONLY___   
2025-09-16 20:43:08,404 INFO     ___FILE_ONLY___ 0/4096
2025-09-16 20:43:08,404 INFO     ___FILE_ONLY___     
2025-09-16 20:43:08,404 INFO     ___FILE_ONLY___ 0/8
2025-09-16 20:43:08,404 INFO     ___FILE_ONLY___         
2025-09-16 20:43:08,404 INFO     ___FILE_ONLY___ 0/8
2025-09-16 20:43:08,404 INFO     ___FILE_ONLY___                  
2025-09-16 20:43:08,405 INFO     ___FILE_ONLY___ UP
2025-09-16 20:43:08,405 INFO     ___FILE_ONLY___ 

2025-09-16 20:43:08,405 INFO     ___FILE_ONLY___ us-west1
2025-09-16 20:43:08,405 INFO     ___FILE_ONLY___                  
2025-09-16 20:43:08,405 INFO     ___FILE_ONLY___ 0/100
2025-09-16 20:43:08,405 INFO     ___FILE_ONLY___   
2025-09-16 20:43:08,405 INFO     ___FILE_ONLY___ 0/4096
2025-09-16 20:43:08,405 INFO     ___FILE_ONLY___     
2025-09-16 20:43:08,405 INFO     ___FILE_ONLY___ 0/8
2025-09-16 20:43:08,405 INFO     ___FILE_ONLY___         
2025-09-16 20:43:08,405 INFO     ___FILE_ONLY___ 0/8
2025-09-16 20:43:08,405 INFO     ___FILE_ONLY___                  
2025-09-16 20:43:08,405 INFO     ___FILE_ONLY___ UP
2025-09-16 20:43:08,405 INFO     ___FILE_ONLY___ 

2025-09-16 20:43:08,405 INFO     ___FILE_ONLY___ us-west2
2025-09-16 20:43:08,405 INFO     ___FILE_ONLY___                  
2025-09-16 20:43:08,405 INFO     ___FILE_ONLY___ 0/200
2025-09-16 20:43:08,405 INFO     ___FILE_ONLY___   
2025-09-16 20:43:08,405 INFO     ___FILE_ONLY___ 0/4096
2025-09-16 20:43:08,405 INFO     ___FILE_ONLY___     
2025-09-16 20:43:08,405 INFO     ___FILE_ONLY___ 0/8
2025-09-16 20:43:08,405 INFO     ___FILE_ONLY___         
2025-09-16 20:43:08,405 INFO     ___FILE_ONLY___ 0/8
2025-09-16 20:43:08,405 INFO     ___FILE_ONLY___                  
2025-09-16 20:43:08,406 INFO     ___FILE_ONLY___ UP
2025-09-16 20:43:08,406 INFO     ___FILE_ONLY___ 

2025-09-16 20:43:08,406 INFO     ___FILE_ONLY___ us-west3
2025-09-16 20:43:08,406 INFO     ___FILE_ONLY___                  
2025-09-16 20:43:08,406 INFO     ___FILE_ONLY___ 0/200
2025-09-16 20:43:08,406 INFO     ___FILE_ONLY___   
2025-09-16 20:43:08,406 INFO     ___FILE_ONLY___ 0/4096
2025-09-16 20:43:08,406 INFO     ___FILE_ONLY___     
2025-09-16 20:43:08,406 INFO     ___FILE_ONLY___ 0/8
2025-09-16 20:43:08,406 INFO     ___FILE_ONLY___         
2025-09-16 20:43:08,406 INFO     ___FILE_ONLY___ 0/8
2025-09-16 20:43:08,406 INFO     ___FILE_ONLY___                  
2025-09-16 20:43:08,406 INFO     ___FILE_ONLY___ UP
2025-09-16 20:43:08,406 INFO     ___FILE_ONLY___ 

2025-09-16 20:43:08,406 INFO     ___FILE_ONLY___ us-west4
2025-09-16 20:43:08,406 INFO     ___FILE_ONLY___                  
2025-09-16 20:43:08,406 INFO     ___FILE_ONLY___ 0/200
2025-09-16 20:43:08,406 INFO     ___FILE_ONLY___   
2025-09-16 20:43:08,406 INFO     ___FILE_ONLY___ 0/4096
2025-09-16 20:43:08,406 INFO     ___FILE_ONLY___     
2025-09-16 20:43:08,406 INFO     ___FILE_ONLY___ 0/8
2025-09-16 20:43:08,406 INFO     ___FILE_ONLY___         
2025-09-16 20:43:08,406 INFO     ___FILE_ONLY___ 0/8
2025-09-16 20:43:08,406 INFO     ___FILE_ONLY___                  
2025-09-16 20:43:08,407 INFO     ___FILE_ONLY___ UP
2025-09-16 20:43:08,407 INFO     ___FILE_ONLY___ 

2025-09-16 20:43:08,407 DEBUG    root            SDK update checks are disabled.
