2025-09-16 20:43:02,576 DEBUG    root            Loaded Command Group: ['gcloud', 'compute']
2025-09-16 20:43:02,578 DEBUG    root            Loaded Command Group: ['gcloud', 'compute', 'tpus']
2025-09-16 20:43:02,608 DEBUG    root            Loaded Command Group: ['gcloud', 'compute', 'tpus', 'list']
2025-09-16 20:43:02,615 DEBUG    root            Running [gcloud.compute.tpus.list] with arguments: [--zone: "us-central1-a"]
2025-09-16 20:43:02,624 DEBUG    google.auth.transport.requests Making request: GET http://metadata.google.internal/computeMetadata/v1/instance/service-accounts/50684168762-compute@developer.gserviceaccount.com/?recursive=true
2025-09-16 20:43:02,625 DEBUG    urllib3.connectionpool Starting new HTTP connection (1): metadata.google.internal:80
2025-09-16 20:43:02,626 DEBUG    urllib3.connectionpool http://metadata.google.internal:80 "GET /computeMetadata/v1/instance/service-accounts/50684168762-compute@developer.gserviceaccount.com/?recursive=true HTTP/1.1" 200 189
2025-09-16 20:43:02,626 DEBUG    google.auth.transport.requests Making request: GET http://metadata.google.internal/computeMetadata/v1/instance/service-accounts/50684168762-compute@developer.gserviceaccount.com/token
2025-09-16 20:43:02,627 DEBUG    urllib3.connectionpool http://metadata.google.internal:80 "GET /computeMetadata/v1/instance/service-accounts/50684168762-compute@developer.gserviceaccount.com/token HTTP/1.1" 200 871
2025-09-16 20:43:02,640 DEBUG    google.auth.transport.requests Making request: GET http://metadata.google.internal/computeMetadata/v1/instance/service-accounts/50684168762-compute@developer.gserviceaccount.com/?recursive=true
2025-09-16 20:43:02,641 DEBUG    urllib3.connectionpool Starting new HTTP connection (1): metadata.google.internal:80
2025-09-16 20:43:02,641 DEBUG    urllib3.connectionpool http://metadata.google.internal:80 "GET /computeMetadata/v1/instance/service-accounts/50684168762-compute@developer.gserviceaccount.com/?recursive=true HTTP/1.1" 200 189
2025-09-16 20:43:02,642 DEBUG    google.auth.transport.requests Making request: GET http://metadata.google.internal/computeMetadata/v1/instance/service-accounts/50684168762-compute@developer.gserviceaccount.com/token
2025-09-16 20:43:02,643 DEBUG    urllib3.connectionpool http://metadata.google.internal:80 "GET /computeMetadata/v1/instance/service-accounts/50684168762-compute@developer.gserviceaccount.com/token HTTP/1.1" 200 871
2025-09-16 20:43:02,645 INFO     root            Display format: "table(
name.basename(),
name.segment(-3):label=ZONE,
acceleratorType.basename():label=ACCELERATOR_TYPE,
network.basename():label=NETWORK,
cidrBlock:label=RANGE,
state:label=STATUS
)
"
2025-09-16 20:43:02,647 DEBUG    urllib3.connectionpool Starting new HTTPS connection (1): tpu.googleapis.com:443
2025-09-16 20:43:02,778 DEBUG    urllib3.connectionpool https://tpu.googleapis.com:443 "GET /v1/projects/tpu-optimization/locations/us-central1-a/nodes?alt=json HTTP/1.1" 200 None
2025-09-16 20:43:02,779 INFO     ___FILE_ONLY___ Listed 0 items.

2025-09-16 20:43:02,780 DEBUG    root            SDK update checks are disabled.
