2025-09-16 20:43:29,384 DEBUG    root            Loaded Command Group: ['gcloud', 'compute']
2025-09-16 20:43:29,387 DEBUG    root            Loaded Command Group: ['gcloud', 'compute', 'tpus']
2025-09-16 20:43:29,416 DEBUG    root            Loaded Command Group: ['gcloud', 'compute', 'tpus', 'list']
2025-09-16 20:43:29,422 DEBUG    root            Running [gcloud.compute.tpus.list] with arguments: [--zone: "us-central2-b"]
2025-09-16 20:43:29,431 DEBUG    google.auth.transport.requests Making request: GET http://metadata.google.internal/computeMetadata/v1/instance/service-accounts/50684168762-compute@developer.gserviceaccount.com/?recursive=true
2025-09-16 20:43:29,432 DEBUG    urllib3.connectionpool Starting new HTTP connection (1): metadata.google.internal:80
2025-09-16 20:43:29,433 DEBUG    urllib3.connectionpool http://metadata.google.internal:80 "GET /computeMetadata/v1/instance/service-accounts/50684168762-compute@developer.gserviceaccount.com/?recursive=true HTTP/1.1" 200 189
2025-09-16 20:43:29,434 DEBUG    google.auth.transport.requests Making request: GET http://metadata.google.internal/computeMetadata/v1/instance/service-accounts/50684168762-compute@developer.gserviceaccount.com/token
2025-09-16 20:43:29,435 DEBUG    urllib3.connectionpool http://metadata.google.internal:80 "GET /computeMetadata/v1/instance/service-accounts/50684168762-compute@developer.gserviceaccount.com/token HTTP/1.1" 200 871
2025-09-16 20:43:29,446 DEBUG    google.auth.transport.requests Making request: GET http://metadata.google.internal/computeMetadata/v1/instance/service-accounts/50684168762-compute@developer.gserviceaccount.com/?recursive=true
2025-09-16 20:43:29,447 DEBUG    urllib3.connectionpool Starting new HTTP connection (1): metadata.google.internal:80
2025-09-16 20:43:29,448 DEBUG    urllib3.connectionpool http://metadata.google.internal:80 "GET /computeMetadata/v1/instance/service-accounts/50684168762-compute@developer.gserviceaccount.com/?recursive=true HTTP/1.1" 200 189
2025-09-16 20:43:29,448 DEBUG    google.auth.transport.requests Making request: GET http://metadata.google.internal/computeMetadata/v1/instance/service-accounts/50684168762-compute@developer.gserviceaccount.com/token
2025-09-16 20:43:29,449 DEBUG    urllib3.connectionpool http://metadata.google.internal:80 "GET /computeMetadata/v1/instance/service-accounts/50684168762-compute@developer.gserviceaccount.com/token HTTP/1.1" 200 871
2025-09-16 20:43:29,452 INFO     root            Display format: "table(
name.basename(),
name.segment(-3):label=ZONE,
acceleratorType.basename():label=ACCELERATOR_TYPE,
network.basename():label=NETWORK,
cidrBlock:label=RANGE,
state:label=STATUS
)
"
2025-09-16 20:43:29,453 DEBUG    urllib3.connectionpool Starting new HTTPS connection (1): tpu.googleapis.com:443
2025-09-16 20:43:29,536 DEBUG    urllib3.connectionpool https://tpu.googleapis.com:443 "GET /v1/projects/tpu-optimization/locations/us-central2-b/nodes?alt=json HTTP/1.1" 200 None
2025-09-16 20:43:29,538 INFO     ___FILE_ONLY___ NAME
2025-09-16 20:43:29,538 INFO     ___FILE_ONLY___          
2025-09-16 20:43:29,538 INFO     ___FILE_ONLY___ ZONE
2025-09-16 20:43:29,538 INFO     ___FILE_ONLY___            
2025-09-16 20:43:29,538 INFO     ___FILE_ONLY___ ACCELERATOR_TYPE
2025-09-16 20:43:29,538 INFO     ___FILE_ONLY___   
2025-09-16 20:43:29,538 INFO     ___FILE_ONLY___ NETWORK
2025-09-16 20:43:29,538 INFO     ___FILE_ONLY___   
2025-09-16 20:43:29,538 INFO     ___FILE_ONLY___ RANGE
2025-09-16 20:43:29,538 INFO     ___FILE_ONLY___           
2025-09-16 20:43:29,538 INFO     ___FILE_ONLY___ STATUS
2025-09-16 20:43:29,539 INFO     ___FILE_ONLY___ 

2025-09-16 20:43:29,539 INFO     ___FILE_ONLY___ explore-tpu
2025-09-16 20:43:29,539 INFO     ___FILE_ONLY___   
2025-09-16 20:43:29,539 INFO     ___FILE_ONLY___ us-central2-b
2025-09-16 20:43:29,539 INFO     ___FILE_ONLY___   
2025-09-16 20:43:29,539 INFO     ___FILE_ONLY___ v4-8
2025-09-16 20:43:29,539 INFO     ___FILE_ONLY___               
2025-09-16 20:43:29,539 INFO     ___FILE_ONLY___ default
2025-09-16 20:43:29,539 INFO     ___FILE_ONLY___   
2025-09-16 20:43:29,539 INFO     ___FILE_ONLY___ 10.130.0.0/20
2025-09-16 20:43:29,539 INFO     ___FILE_ONLY___   
2025-09-16 20:43:29,539 INFO     ___FILE_ONLY___ READY
2025-09-16 20:43:29,539 INFO     ___FILE_ONLY___ 

2025-09-16 20:43:29,539 DEBUG    root            SDK update checks are disabled.
